[2020-12-19 04:39:59] local.ERROR: Class 'Tymon\JWTAuth\Providers\LumenServiceProvider' not found {"exception":"[object] (Error(code: 0): Class 'Tymon\\JWTAuth\\Providers\\LumenServiceProvider' not found at C:\\xampp2\\htdocs\\jwt-app\\vendor\\laravel\\lumen-framework\\src\\Application.php:223)
[stacktrace]
#0 C:\\xampp2\\htdocs\\jwt-app\\bootstrap\\app.php(97): Laravel\\Lumen\\Application->register('Tymon\\\\JWTAuth\\\\P...')
#1 C:\\xampp2\\htdocs\\jwt-app\\artisan(18): require('C:\\\\xampp2\\\\htdoc...')
#2 {main}
"} 
[2020-12-19 04:47:13] local.ERROR: Class 'Tymon\JWTAuth\Providers\LumenServiceProvider' not found {"exception":"[object] (Error(code: 0): Class 'Tymon\\JWTAuth\\Providers\\LumenServiceProvider' not found at C:\\xampp2\\htdocs\\jwt-app\\vendor\\laravel\\lumen-framework\\src\\Application.php:223)
[stacktrace]
#0 C:\\xampp2\\htdocs\\jwt-app\\bootstrap\\app.php(97): Laravel\\Lumen\\Application->register('Tymon\\\\JWTAuth\\\\P...')
#1 C:\\xampp2\\htdocs\\jwt-app\\artisan(18): require('C:\\\\xampp2\\\\htdoc...')
#2 {main}
"} 
[2020-12-19 04:51:05] local.ERROR: Class 'Tymon\JWTAuth\Providers\LumenServiceProvider' not found {"exception":"[object] (Error(code: 0): Class 'Tymon\\JWTAuth\\Providers\\LumenServiceProvider' not found at C:\\xampp2\\htdocs\\jwt-app\\vendor\\laravel\\lumen-framework\\src\\Application.php:223)
[stacktrace]
#0 C:\\xampp2\\htdocs\\jwt-app\\bootstrap\\app.php(97): Laravel\\Lumen\\Application->register('Tymon\\\\JWTAuth\\\\P...')
#1 C:\\xampp2\\htdocs\\jwt-app\\artisan(18): require('C:\\\\xampp2\\\\htdoc...')
#2 {main}
"} 
[2020-12-19 04:54:33] local.ERROR: Class 'Tymon\JWTAuth\Providers\LumenServiceProvider' not found {"exception":"[object] (Error(code: 0): Class 'Tymon\\JWTAuth\\Providers\\LumenServiceProvider' not found at C:\\xampp2\\htdocs\\jwt-app\\vendor\\laravel\\lumen-framework\\src\\Application.php:223)
[stacktrace]
#0 C:\\xampp2\\htdocs\\jwt-app\\bootstrap\\app.php(40): Laravel\\Lumen\\Application->register('Tymon\\\\JWTAuth\\\\P...')
#1 C:\\xampp2\\htdocs\\jwt-app\\artisan(18): require('C:\\\\xampp2\\\\htdoc...')
#2 {main}
"} 
[2020-12-19 04:57:41] local.ERROR: Class 'Tymon\JWTAuth\Providers\LumenServiceProvider' not found {"exception":"[object] (Error(code: 0): Class 'Tymon\\JWTAuth\\Providers\\LumenServiceProvider' not found at C:\\xampp2\\htdocs\\jwt-app\\vendor\\laravel\\lumen-framework\\src\\Application.php:223)
[stacktrace]
#0 C:\\xampp2\\htdocs\\jwt-app\\bootstrap\\app.php(40): Laravel\\Lumen\\Application->register('Tymon\\\\JWTAuth\\\\P...')
#1 C:\\xampp2\\htdocs\\jwt-app\\artisan(18): require('C:\\\\xampp2\\\\htdoc...')
#2 {main}
"} 
[2020-12-19 04:57:50] local.ERROR: Class 'Tymon\JWTAuth\Providers\LumenServiceProvider' not found {"exception":"[object] (Error(code: 0): Class 'Tymon\\JWTAuth\\Providers\\LumenServiceProvider' not found at C:\\xampp2\\htdocs\\jwt-app\\vendor\\laravel\\lumen-framework\\src\\Application.php:223)
[stacktrace]
#0 C:\\xampp2\\htdocs\\jwt-app\\bootstrap\\app.php(97): Laravel\\Lumen\\Application->register('Tymon\\\\JWTAuth\\\\P...')
#1 C:\\xampp2\\htdocs\\jwt-app\\artisan(18): require('C:\\\\xampp2\\\\htdoc...')
#2 {main}
"} 
[2020-12-19 04:59:22] local.ERROR: Class 'Tymon\JWTAuth\Providers\LumenServiceProvider' not found {"exception":"[object] (Error(code: 0): Class 'Tymon\\JWTAuth\\Providers\\LumenServiceProvider' not found at C:\\xampp2\\htdocs\\jwt-app\\vendor\\laravel\\lumen-framework\\src\\Application.php:223)
[stacktrace]
#0 C:\\xampp2\\htdocs\\jwt-app\\bootstrap\\app.php(97): Laravel\\Lumen\\Application->register('Tymon\\\\JWTAuth\\\\P...')
#1 C:\\xampp2\\htdocs\\jwt-app\\artisan(18): require('C:\\\\xampp2\\\\htdoc...')
#2 {main}
"} 
[2020-12-19 05:33:46] local.ERROR: {closure}(): Failed opening required 'C:\xampp2\htdocs\jwt-app\bootstrap/../routes/api.php' (include_path='C:\xampp2\php\PEAR') {"exception":"[object] (Symfony\\Component\\ErrorHandler\\Error\\FatalError(code: 0): {closure}(): Failed opening required 'C:\\xampp2\\htdocs\\jwt-app\\bootstrap/../routes/api.php' (include_path='C:\\xampp2\\php\\PEAR') at C:\\xampp2\\htdocs\\jwt-app\\bootstrap\\app.php:113)
[stacktrace]
#0 {main}
"} 
[2020-12-19 11:14:06] local.ERROR: {closure}(): Failed opening required 'C:\xampp2\htdocs\jwt-app\bootstrap/../routes/api.php' (include_path='C:\xampp2\php\PEAR') {"exception":"[object] (Symfony\\Component\\ErrorHandler\\Error\\FatalError(code: 0): {closure}(): Failed opening required 'C:\\xampp2\\htdocs\\jwt-app\\bootstrap/../routes/api.php' (include_path='C:\\xampp2\\php\\PEAR') at C:\\xampp2\\htdocs\\jwt-app\\bootstrap\\app.php:113)
[stacktrace]
#0 {main}
"} 
[2020-12-19 11:37:38] local.ERROR: A CreateUsersTable class already exists. {"exception":"[object] (InvalidArgumentException(code: 0): A CreateUsersTable class already exists. at C:\\xampp2\\htdocs\\jwt-app\\vendor\\illuminate\\database\\Migrations\\MigrationCreator.php:102)
[stacktrace]
#0 C:\\xampp2\\htdocs\\jwt-app\\vendor\\illuminate\\database\\Migrations\\MigrationCreator.php(59): Illuminate\\Database\\Migrations\\MigrationCreator->ensureMigrationDoesntAlreadyExist('create_users_ta...', 'C:\\\\xampp2\\\\htdoc...')
#1 C:\\xampp2\\htdocs\\jwt-app\\vendor\\illuminate\\database\\Console\\Migrations\\MigrateMakeCommand.php(110): Illuminate\\Database\\Migrations\\MigrationCreator->create('create_users_ta...', 'C:\\\\xampp2\\\\htdoc...', 'users', true)
#2 C:\\xampp2\\htdocs\\jwt-app\\vendor\\illuminate\\database\\Console\\Migrations\\MigrateMakeCommand.php(94): Illuminate\\Database\\Console\\Migrations\\MigrateMakeCommand->writeMigration('create_users_ta...', 'users', true)
#3 C:\\xampp2\\htdocs\\jwt-app\\vendor\\illuminate\\container\\BoundMethod.php(36): Illuminate\\Database\\Console\\Migrations\\MigrateMakeCommand->handle()
#4 C:\\xampp2\\htdocs\\jwt-app\\vendor\\illuminate\\container\\Util.php(40): Illuminate\\Container\\BoundMethod::Illuminate\\Container\\{closure}()
#5 C:\\xampp2\\htdocs\\jwt-app\\vendor\\illuminate\\container\\BoundMethod.php(93): Illuminate\\Container\\Util::unwrapIfClosure(Object(Closure))
#6 C:\\xampp2\\htdocs\\jwt-app\\vendor\\illuminate\\container\\BoundMethod.php(37): Illuminate\\Container\\BoundMethod::callBoundMethod(Object(Laravel\\Lumen\\Application), Array, Object(Closure))
#7 C:\\xampp2\\htdocs\\jwt-app\\vendor\\illuminate\\container\\Container.php(610): Illuminate\\Container\\BoundMethod::call(Object(Laravel\\Lumen\\Application), Array, Array, NULL)
#8 C:\\xampp2\\htdocs\\jwt-app\\vendor\\illuminate\\console\\Command.php(136): Illuminate\\Container\\Container->call(Array)
#9 C:\\xampp2\\htdocs\\jwt-app\\vendor\\symfony\\console\\Command\\Command.php(255): Illuminate\\Console\\Command->execute(Object(Symfony\\Component\\Console\\Input\\ArgvInput), Object(Illuminate\\Console\\OutputStyle))
#10 C:\\xampp2\\htdocs\\jwt-app\\vendor\\illuminate\\console\\Command.php(121): Symfony\\Component\\Console\\Command\\Command->run(Object(Symfony\\Component\\Console\\Input\\ArgvInput), Object(Illuminate\\Console\\OutputStyle))
#11 C:\\xampp2\\htdocs\\jwt-app\\vendor\\symfony\\console\\Application.php(971): Illuminate\\Console\\Command->run(Object(Symfony\\Component\\Console\\Input\\ArgvInput), Object(Symfony\\Component\\Console\\Output\\ConsoleOutput))
#12 C:\\xampp2\\htdocs\\jwt-app\\vendor\\symfony\\console\\Application.php(290): Symfony\\Component\\Console\\Application->doRunCommand(Object(Illuminate\\Database\\Console\\Migrations\\MigrateMakeCommand), Object(Symfony\\Component\\Console\\Input\\ArgvInput), Object(Symfony\\Component\\Console\\Output\\ConsoleOutput))
#13 C:\\xampp2\\htdocs\\jwt-app\\vendor\\symfony\\console\\Application.php(166): Symfony\\Component\\Console\\Application->doRun(Object(Symfony\\Component\\Console\\Input\\ArgvInput), Object(Symfony\\Component\\Console\\Output\\ConsoleOutput))
#14 C:\\xampp2\\htdocs\\jwt-app\\vendor\\illuminate\\console\\Application.php(93): Symfony\\Component\\Console\\Application->run(Object(Symfony\\Component\\Console\\Input\\ArgvInput), Object(Symfony\\Component\\Console\\Output\\ConsoleOutput))
#15 C:\\xampp2\\htdocs\\jwt-app\\vendor\\laravel\\lumen-framework\\src\\Console\\Kernel.php(116): Illuminate\\Console\\Application->run(Object(Symfony\\Component\\Console\\Input\\ArgvInput), Object(Symfony\\Component\\Console\\Output\\ConsoleOutput))
#16 C:\\xampp2\\htdocs\\jwt-app\\artisan(35): Laravel\\Lumen\\Console\\Kernel->handle(Object(Symfony\\Component\\Console\\Input\\ArgvInput), Object(Symfony\\Component\\Console\\Output\\ConsoleOutput))
#17 {main}
"} 
[2020-12-19 12:26:09] local.ERROR: Target class [App\Http\Controllers\Api\UserController] does not exist. {"exception":"[object] (Illuminate\\Contracts\\Container\\BindingResolutionException(code: 0): Target class [App\\Http\\Controllers\\Api\\UserController] does not exist. at C:\\xampp2\\htdocs\\jwt-app\\vendor\\illuminate\\container\\Container.php:832)
[stacktrace]
#0 C:\\xampp2\\htdocs\\jwt-app\\vendor\\illuminate\\container\\Container.php(712): Illuminate\\Container\\Container->build('App\\\\Http\\\\Contro...')
#1 C:\\xampp2\\htdocs\\jwt-app\\vendor\\illuminate\\container\\Container.php(651): Illuminate\\Container\\Container->resolve('App\\\\Http\\\\Contro...', Array)
#2 C:\\xampp2\\htdocs\\jwt-app\\vendor\\laravel\\lumen-framework\\src\\Application.php(300): Illuminate\\Container\\Container->make('App\\\\Http\\\\Contro...', Array)
#3 C:\\xampp2\\htdocs\\jwt-app\\vendor\\laravel\\lumen-framework\\src\\Concerns\\RoutesRequests.php(321): Laravel\\Lumen\\Application->make('App\\\\Http\\\\Contro...')
#4 C:\\xampp2\\htdocs\\jwt-app\\vendor\\laravel\\lumen-framework\\src\\Concerns\\RoutesRequests.php(279): Laravel\\Lumen\\Application->callControllerAction(Array)
#5 C:\\xampp2\\htdocs\\jwt-app\\vendor\\laravel\\lumen-framework\\src\\Concerns\\RoutesRequests.php(264): Laravel\\Lumen\\Application->callActionOnArrayBasedRoute(Array)
#6 C:\\xampp2\\htdocs\\jwt-app\\vendor\\laravel\\lumen-framework\\src\\Concerns\\RoutesRequests.php(166): Laravel\\Lumen\\Application->handleFoundRoute(Array)
#7 C:\\xampp2\\htdocs\\jwt-app\\vendor\\laravel\\lumen-framework\\src\\Concerns\\RoutesRequests.php(426): Laravel\\Lumen\\Application->Laravel\\Lumen\\Concerns\\{closure}(Object(Laravel\\Lumen\\Http\\Request))
#8 C:\\xampp2\\htdocs\\jwt-app\\vendor\\laravel\\lumen-framework\\src\\Concerns\\RoutesRequests.php(172): Laravel\\Lumen\\Application->sendThroughPipeline(Array, Object(Closure))
#9 C:\\xampp2\\htdocs\\jwt-app\\vendor\\laravel\\lumen-framework\\src\\Concerns\\RoutesRequests.php(109): Laravel\\Lumen\\Application->dispatch(NULL)
#10 C:\\xampp2\\htdocs\\jwt-app\\public\\index.php(28): Laravel\\Lumen\\Application->run()
#11 {main}

[previous exception] [object] (ReflectionException(code: -1): Class App\\Http\\Controllers\\Api\\UserController does not exist at C:\\xampp2\\htdocs\\jwt-app\\vendor\\illuminate\\container\\Container.php:830)
[stacktrace]
#0 C:\\xampp2\\htdocs\\jwt-app\\vendor\\illuminate\\container\\Container.php(830): ReflectionClass->__construct('App\\\\Http\\\\Contro...')
#1 C:\\xampp2\\htdocs\\jwt-app\\vendor\\illuminate\\container\\Container.php(712): Illuminate\\Container\\Container->build('App\\\\Http\\\\Contro...')
#2 C:\\xampp2\\htdocs\\jwt-app\\vendor\\illuminate\\container\\Container.php(651): Illuminate\\Container\\Container->resolve('App\\\\Http\\\\Contro...', Array)
#3 C:\\xampp2\\htdocs\\jwt-app\\vendor\\laravel\\lumen-framework\\src\\Application.php(300): Illuminate\\Container\\Container->make('App\\\\Http\\\\Contro...', Array)
#4 C:\\xampp2\\htdocs\\jwt-app\\vendor\\laravel\\lumen-framework\\src\\Concerns\\RoutesRequests.php(321): Laravel\\Lumen\\Application->make('App\\\\Http\\\\Contro...')
#5 C:\\xampp2\\htdocs\\jwt-app\\vendor\\laravel\\lumen-framework\\src\\Concerns\\RoutesRequests.php(279): Laravel\\Lumen\\Application->callControllerAction(Array)
#6 C:\\xampp2\\htdocs\\jwt-app\\vendor\\laravel\\lumen-framework\\src\\Concerns\\RoutesRequests.php(264): Laravel\\Lumen\\Application->callActionOnArrayBasedRoute(Array)
#7 C:\\xampp2\\htdocs\\jwt-app\\vendor\\laravel\\lumen-framework\\src\\Concerns\\RoutesRequests.php(166): Laravel\\Lumen\\Application->handleFoundRoute(Array)
#8 C:\\xampp2\\htdocs\\jwt-app\\vendor\\laravel\\lumen-framework\\src\\Concerns\\RoutesRequests.php(426): Laravel\\Lumen\\Application->Laravel\\Lumen\\Concerns\\{closure}(Object(Laravel\\Lumen\\Http\\Request))
#9 C:\\xampp2\\htdocs\\jwt-app\\vendor\\laravel\\lumen-framework\\src\\Concerns\\RoutesRequests.php(172): Laravel\\Lumen\\Application->sendThroughPipeline(Array, Object(Closure))
#10 C:\\xampp2\\htdocs\\jwt-app\\vendor\\laravel\\lumen-framework\\src\\Concerns\\RoutesRequests.php(109): Laravel\\Lumen\\Application->dispatch(NULL)
#11 C:\\xampp2\\htdocs\\jwt-app\\public\\index.php(28): Laravel\\Lumen\\Application->run()
#12 {main}
"} 
[2020-12-19 12:29:37] local.ERROR: Call to undefined function App\Http\Controllers\resp() {"exception":"[object] (Error(code: 0): Call to undefined function App\\Http\\Controllers\esp() at C:\\xampp2\\htdocs\\jwt-app\\app\\Http\\Controllers\\UserController.php:64)
[stacktrace]
#0 C:\\xampp2\\htdocs\\jwt-app\\vendor\\illuminate\\container\\BoundMethod.php(36): App\\Http\\Controllers\\UserController->login(Object(Laravel\\Lumen\\Http\\Request))
#1 C:\\xampp2\\htdocs\\jwt-app\\vendor\\illuminate\\container\\Util.php(40): Illuminate\\Container\\BoundMethod::Illuminate\\Container\\{closure}()
#2 C:\\xampp2\\htdocs\\jwt-app\\vendor\\illuminate\\container\\BoundMethod.php(93): Illuminate\\Container\\Util::unwrapIfClosure(Object(Closure))
#3 C:\\xampp2\\htdocs\\jwt-app\\vendor\\illuminate\\container\\BoundMethod.php(37): Illuminate\\Container\\BoundMethod::callBoundMethod(Object(Laravel\\Lumen\\Application), Array, Object(Closure))
#4 C:\\xampp2\\htdocs\\jwt-app\\vendor\\illuminate\\container\\Container.php(610): Illuminate\\Container\\BoundMethod::call(Object(Laravel\\Lumen\\Application), Array, Array, NULL)
#5 C:\\xampp2\\htdocs\\jwt-app\\vendor\\laravel\\lumen-framework\\src\\Concerns\\RoutesRequests.php(386): Illuminate\\Container\\Container->call(Array, Array)
#6 C:\\xampp2\\htdocs\\jwt-app\\vendor\\laravel\\lumen-framework\\src\\Concerns\\RoutesRequests.php(352): Laravel\\Lumen\\Application->callControllerCallable(Array, Array)
#7 C:\\xampp2\\htdocs\\jwt-app\\vendor\\laravel\\lumen-framework\\src\\Concerns\\RoutesRequests.php(326): Laravel\\Lumen\\Application->callLumenController(Object(App\\Http\\Controllers\\UserController), 'login', Array)
#8 C:\\xampp2\\htdocs\\jwt-app\\vendor\\laravel\\lumen-framework\\src\\Concerns\\RoutesRequests.php(279): Laravel\\Lumen\\Application->callControllerAction(Array)
#9 C:\\xampp2\\htdocs\\jwt-app\\vendor\\laravel\\lumen-framework\\src\\Concerns\\RoutesRequests.php(264): Laravel\\Lumen\\Application->callActionOnArrayBasedRoute(Array)
#10 C:\\xampp2\\htdocs\\jwt-app\\vendor\\laravel\\lumen-framework\\src\\Concerns\\RoutesRequests.php(166): Laravel\\Lumen\\Application->handleFoundRoute(Array)
#11 C:\\xampp2\\htdocs\\jwt-app\\vendor\\laravel\\lumen-framework\\src\\Concerns\\RoutesRequests.php(426): Laravel\\Lumen\\Application->Laravel\\Lumen\\Concerns\\{closure}(Object(Laravel\\Lumen\\Http\\Request))
#12 C:\\xampp2\\htdocs\\jwt-app\\vendor\\laravel\\lumen-framework\\src\\Concerns\\RoutesRequests.php(172): Laravel\\Lumen\\Application->sendThroughPipeline(Array, Object(Closure))
#13 C:\\xampp2\\htdocs\\jwt-app\\vendor\\laravel\\lumen-framework\\src\\Concerns\\RoutesRequests.php(109): Laravel\\Lumen\\Application->dispatch(NULL)
#14 C:\\xampp2\\htdocs\\jwt-app\\public\\index.php(28): Laravel\\Lumen\\Application->run()
#15 {main}
"} 
[2020-12-19 13:45:53] local.ERROR: SQLSTATE[HY000]: General error: 1364 Field 'username' doesn't have a default value (SQL: insert into `users` (`email`, `password`, `updated_at`, `created_at`) values (arka.inc876@gmail.com, $2y$10$bvUjhje.r8T/IDQNmoxpSOlkj5byxsogQUP9fRviIn/4QyYUe65Tq, 2020-12-19 13:45:53, 2020-12-19 13:45:53)) {"exception":"[object] (Illuminate\\Database\\QueryException(code: HY000): SQLSTATE[HY000]: General error: 1364 Field 'username' doesn't have a default value (SQL: insert into `users` (`email`, `password`, `updated_at`, `created_at`) values (arka.inc876@gmail.com, $2y$10$bvUjhje.r8T/IDQNmoxpSOlkj5byxsogQUP9fRviIn/4QyYUe65Tq, 2020-12-19 13:45:53, 2020-12-19 13:45:53)) at C:\\xampp2\\htdocs\\jwt-app\\vendor\\illuminate\\database\\Connection.php:678)
[stacktrace]
#0 C:\\xampp2\\htdocs\\jwt-app\\vendor\\illuminate\\database\\Connection.php(638): Illuminate\\Database\\Connection->runQueryCallback('insert into `us...', Array, Object(Closure))
#1 C:\\xampp2\\htdocs\\jwt-app\\vendor\\illuminate\\database\\Connection.php(472): Illuminate\\Database\\Connection->run('insert into `us...', Array, Object(Closure))
#2 C:\\xampp2\\htdocs\\jwt-app\\vendor\\illuminate\\database\\Connection.php(424): Illuminate\\Database\\Connection->statement('insert into `us...', Array)
#3 C:\\xampp2\\htdocs\\jwt-app\\vendor\\illuminate\\database\\Query\\Processors\\Processor.php(32): Illuminate\\Database\\Connection->insert('insert into `us...', Array)
#4 C:\\xampp2\\htdocs\\jwt-app\\vendor\\illuminate\\database\\Query\\Builder.php(2872): Illuminate\\Database\\Query\\Processors\\Processor->processInsertGetId(Object(Illuminate\\Database\\Query\\Builder), 'insert into `us...', Array, 'id')
#5 C:\\xampp2\\htdocs\\jwt-app\\vendor\\illuminate\\database\\Eloquent\\Builder.php(1508): Illuminate\\Database\\Query\\Builder->insertGetId(Array, 'id')
#6 C:\\xampp2\\htdocs\\jwt-app\\vendor\\illuminate\\database\\Eloquent\\Model.php(1051): Illuminate\\Database\\Eloquent\\Builder->__call('insertGetId', Array)
#7 C:\\xampp2\\htdocs\\jwt-app\\vendor\\illuminate\\database\\Eloquent\\Model.php(1016): Illuminate\\Database\\Eloquent\\Model->insertAndSetId(Object(Illuminate\\Database\\Eloquent\\Builder), Array)
#8 C:\\xampp2\\htdocs\\jwt-app\\vendor\\illuminate\\database\\Eloquent\\Model.php(857): Illuminate\\Database\\Eloquent\\Model->performInsert(Object(Illuminate\\Database\\Eloquent\\Builder))
#9 C:\\xampp2\\htdocs\\jwt-app\\vendor\\illuminate\\database\\Eloquent\\Builder.php(777): Illuminate\\Database\\Eloquent\\Model->save()
#10 C:\\xampp2\\htdocs\\jwt-app\\vendor\\illuminate\\support\\helpers.php(263): Illuminate\\Database\\Eloquent\\Builder->Illuminate\\Database\\Eloquent\\{closure}(Object(App\\Models\\User))
#11 C:\\xampp2\\htdocs\\jwt-app\\vendor\\illuminate\\database\\Eloquent\\Builder.php(778): tap(Object(App\\Models\\User), Object(Closure))
#12 C:\\xampp2\\htdocs\\jwt-app\\vendor\\illuminate\\support\\Traits\\ForwardsCalls.php(23): Illuminate\\Database\\Eloquent\\Builder->create(Array)
#13 C:\\xampp2\\htdocs\\jwt-app\\vendor\\illuminate\\database\\Eloquent\\Model.php(1885): Illuminate\\Database\\Eloquent\\Model->forwardCallTo(Object(Illuminate\\Database\\Eloquent\\Builder), 'create', Array)
#14 C:\\xampp2\\htdocs\\jwt-app\\vendor\\illuminate\\database\\Eloquent\\Model.php(1897): Illuminate\\Database\\Eloquent\\Model->__call('create', Array)
#15 C:\\xampp2\\htdocs\\jwt-app\\app\\Http\\Controllers\\UserController.php(35): Illuminate\\Database\\Eloquent\\Model::__callStatic('create', Array)
#16 C:\\xampp2\\htdocs\\jwt-app\\vendor\\illuminate\\container\\BoundMethod.php(36): App\\Http\\Controllers\\UserController->register(Object(Laravel\\Lumen\\Http\\Request))
#17 C:\\xampp2\\htdocs\\jwt-app\\vendor\\illuminate\\container\\Util.php(40): Illuminate\\Container\\BoundMethod::Illuminate\\Container\\{closure}()
#18 C:\\xampp2\\htdocs\\jwt-app\\vendor\\illuminate\\container\\BoundMethod.php(93): Illuminate\\Container\\Util::unwrapIfClosure(Object(Closure))
#19 C:\\xampp2\\htdocs\\jwt-app\\vendor\\illuminate\\container\\BoundMethod.php(37): Illuminate\\Container\\BoundMethod::callBoundMethod(Object(Laravel\\Lumen\\Application), Array, Object(Closure))
#20 C:\\xampp2\\htdocs\\jwt-app\\vendor\\illuminate\\container\\Container.php(610): Illuminate\\Container\\BoundMethod::call(Object(Laravel\\Lumen\\Application), Array, Array, NULL)
#21 C:\\xampp2\\htdocs\\jwt-app\\vendor\\laravel\\lumen-framework\\src\\Concerns\\RoutesRequests.php(386): Illuminate\\Container\\Container->call(Array, Array)
#22 C:\\xampp2\\htdocs\\jwt-app\\vendor\\laravel\\lumen-framework\\src\\Concerns\\RoutesRequests.php(352): Laravel\\Lumen\\Application->callControllerCallable(Array, Array)
#23 C:\\xampp2\\htdocs\\jwt-app\\vendor\\laravel\\lumen-framework\\src\\Concerns\\RoutesRequests.php(326): Laravel\\Lumen\\Application->callLumenController(Object(App\\Http\\Controllers\\UserController), 'register', Array)
#24 C:\\xampp2\\htdocs\\jwt-app\\vendor\\laravel\\lumen-framework\\src\\Concerns\\RoutesRequests.php(279): Laravel\\Lumen\\Application->callControllerAction(Array)
#25 C:\\xampp2\\htdocs\\jwt-app\\vendor\\laravel\\lumen-framework\\src\\Concerns\\RoutesRequests.php(264): Laravel\\Lumen\\Application->callActionOnArrayBasedRoute(Array)
#26 C:\\xampp2\\htdocs\\jwt-app\\vendor\\laravel\\lumen-framework\\src\\Concerns\\RoutesRequests.php(166): Laravel\\Lumen\\Application->handleFoundRoute(Array)
#27 C:\\xampp2\\htdocs\\jwt-app\\vendor\\laravel\\lumen-framework\\src\\Concerns\\RoutesRequests.php(426): Laravel\\Lumen\\Application->Laravel\\Lumen\\Concerns\\{closure}(Object(Laravel\\Lumen\\Http\\Request))
#28 C:\\xampp2\\htdocs\\jwt-app\\vendor\\laravel\\lumen-framework\\src\\Concerns\\RoutesRequests.php(172): Laravel\\Lumen\\Application->sendThroughPipeline(Array, Object(Closure))
#29 C:\\xampp2\\htdocs\\jwt-app\\vendor\\laravel\\lumen-framework\\src\\Concerns\\RoutesRequests.php(109): Laravel\\Lumen\\Application->dispatch(NULL)
#30 C:\\xampp2\\htdocs\\jwt-app\\public\\index.php(28): Laravel\\Lumen\\Application->run()
#31 {main}

[previous exception] [object] (PDOException(code: HY000): SQLSTATE[HY000]: General error: 1364 Field 'username' doesn't have a default value at C:\\xampp2\\htdocs\\jwt-app\\vendor\\illuminate\\database\\Connection.php:471)
[stacktrace]
#0 C:\\xampp2\\htdocs\\jwt-app\\vendor\\illuminate\\database\\Connection.php(471): PDOStatement->execute()
#1 C:\\xampp2\\htdocs\\jwt-app\\vendor\\illuminate\\database\\Connection.php(671): Illuminate\\Database\\Connection->Illuminate\\Database\\{closure}('insert into `us...', Array)
#2 C:\\xampp2\\htdocs\\jwt-app\\vendor\\illuminate\\database\\Connection.php(638): Illuminate\\Database\\Connection->runQueryCallback('insert into `us...', Array, Object(Closure))
#3 C:\\xampp2\\htdocs\\jwt-app\\vendor\\illuminate\\database\\Connection.php(472): Illuminate\\Database\\Connection->run('insert into `us...', Array, Object(Closure))
#4 C:\\xampp2\\htdocs\\jwt-app\\vendor\\illuminate\\database\\Connection.php(424): Illuminate\\Database\\Connection->statement('insert into `us...', Array)
#5 C:\\xampp2\\htdocs\\jwt-app\\vendor\\illuminate\\database\\Query\\Processors\\Processor.php(32): Illuminate\\Database\\Connection->insert('insert into `us...', Array)
#6 C:\\xampp2\\htdocs\\jwt-app\\vendor\\illuminate\\database\\Query\\Builder.php(2872): Illuminate\\Database\\Query\\Processors\\Processor->processInsertGetId(Object(Illuminate\\Database\\Query\\Builder), 'insert into `us...', Array, 'id')
#7 C:\\xampp2\\htdocs\\jwt-app\\vendor\\illuminate\\database\\Eloquent\\Builder.php(1508): Illuminate\\Database\\Query\\Builder->insertGetId(Array, 'id')
#8 C:\\xampp2\\htdocs\\jwt-app\\vendor\\illuminate\\database\\Eloquent\\Model.php(1051): Illuminate\\Database\\Eloquent\\Builder->__call('insertGetId', Array)
#9 C:\\xampp2\\htdocs\\jwt-app\\vendor\\illuminate\\database\\Eloquent\\Model.php(1016): Illuminate\\Database\\Eloquent\\Model->insertAndSetId(Object(Illuminate\\Database\\Eloquent\\Builder), Array)
#10 C:\\xampp2\\htdocs\\jwt-app\\vendor\\illuminate\\database\\Eloquent\\Model.php(857): Illuminate\\Database\\Eloquent\\Model->performInsert(Object(Illuminate\\Database\\Eloquent\\Builder))
#11 C:\\xampp2\\htdocs\\jwt-app\\vendor\\illuminate\\database\\Eloquent\\Builder.php(777): Illuminate\\Database\\Eloquent\\Model->save()
#12 C:\\xampp2\\htdocs\\jwt-app\\vendor\\illuminate\\support\\helpers.php(263): Illuminate\\Database\\Eloquent\\Builder->Illuminate\\Database\\Eloquent\\{closure}(Object(App\\Models\\User))
#13 C:\\xampp2\\htdocs\\jwt-app\\vendor\\illuminate\\database\\Eloquent\\Builder.php(778): tap(Object(App\\Models\\User), Object(Closure))
#14 C:\\xampp2\\htdocs\\jwt-app\\vendor\\illuminate\\support\\Traits\\ForwardsCalls.php(23): Illuminate\\Database\\Eloquent\\Builder->create(Array)
#15 C:\\xampp2\\htdocs\\jwt-app\\vendor\\illuminate\\database\\Eloquent\\Model.php(1885): Illuminate\\Database\\Eloquent\\Model->forwardCallTo(Object(Illuminate\\Database\\Eloquent\\Builder), 'create', Array)
#16 C:\\xampp2\\htdocs\\jwt-app\\vendor\\illuminate\\database\\Eloquent\\Model.php(1897): Illuminate\\Database\\Eloquent\\Model->__call('create', Array)
#17 C:\\xampp2\\htdocs\\jwt-app\\app\\Http\\Controllers\\UserController.php(35): Illuminate\\Database\\Eloquent\\Model::__callStatic('create', Array)
#18 C:\\xampp2\\htdocs\\jwt-app\\vendor\\illuminate\\container\\BoundMethod.php(36): App\\Http\\Controllers\\UserController->register(Object(Laravel\\Lumen\\Http\\Request))
#19 C:\\xampp2\\htdocs\\jwt-app\\vendor\\illuminate\\container\\Util.php(40): Illuminate\\Container\\BoundMethod::Illuminate\\Container\\{closure}()
#20 C:\\xampp2\\htdocs\\jwt-app\\vendor\\illuminate\\container\\BoundMethod.php(93): Illuminate\\Container\\Util::unwrapIfClosure(Object(Closure))
#21 C:\\xampp2\\htdocs\\jwt-app\\vendor\\illuminate\\container\\BoundMethod.php(37): Illuminate\\Container\\BoundMethod::callBoundMethod(Object(Laravel\\Lumen\\Application), Array, Object(Closure))
#22 C:\\xampp2\\htdocs\\jwt-app\\vendor\\illuminate\\container\\Container.php(610): Illuminate\\Container\\BoundMethod::call(Object(Laravel\\Lumen\\Application), Array, Array, NULL)
#23 C:\\xampp2\\htdocs\\jwt-app\\vendor\\laravel\\lumen-framework\\src\\Concerns\\RoutesRequests.php(386): Illuminate\\Container\\Container->call(Array, Array)
#24 C:\\xampp2\\htdocs\\jwt-app\\vendor\\laravel\\lumen-framework\\src\\Concerns\\RoutesRequests.php(352): Laravel\\Lumen\\Application->callControllerCallable(Array, Array)
#25 C:\\xampp2\\htdocs\\jwt-app\\vendor\\laravel\\lumen-framework\\src\\Concerns\\RoutesRequests.php(326): Laravel\\Lumen\\Application->callLumenController(Object(App\\Http\\Controllers\\UserController), 'register', Array)
#26 C:\\xampp2\\htdocs\\jwt-app\\vendor\\laravel\\lumen-framework\\src\\Concerns\\RoutesRequests.php(279): Laravel\\Lumen\\Application->callControllerAction(Array)
#27 C:\\xampp2\\htdocs\\jwt-app\\vendor\\laravel\\lumen-framework\\src\\Concerns\\RoutesRequests.php(264): Laravel\\Lumen\\Application->callActionOnArrayBasedRoute(Array)
#28 C:\\xampp2\\htdocs\\jwt-app\\vendor\\laravel\\lumen-framework\\src\\Concerns\\RoutesRequests.php(166): Laravel\\Lumen\\Application->handleFoundRoute(Array)
#29 C:\\xampp2\\htdocs\\jwt-app\\vendor\\laravel\\lumen-framework\\src\\Concerns\\RoutesRequests.php(426): Laravel\\Lumen\\Application->Laravel\\Lumen\\Concerns\\{closure}(Object(Laravel\\Lumen\\Http\\Request))
#30 C:\\xampp2\\htdocs\\jwt-app\\vendor\\laravel\\lumen-framework\\src\\Concerns\\RoutesRequests.php(172): Laravel\\Lumen\\Application->sendThroughPipeline(Array, Object(Closure))
#31 C:\\xampp2\\htdocs\\jwt-app\\vendor\\laravel\\lumen-framework\\src\\Concerns\\RoutesRequests.php(109): Laravel\\Lumen\\Application->dispatch(NULL)
#32 C:\\xampp2\\htdocs\\jwt-app\\public\\index.php(28): Laravel\\Lumen\\Application->run()
#33 {main}
"} 
[2020-12-19 13:48:29] local.ERROR: SQLSTATE[HY000]: General error: 1364 Field 'username' doesn't have a default value (SQL: insert into `users` (`email`, `password`, `updated_at`, `created_at`) values (arka.inc876@gmail.com, $2y$10$1oh4aNEl4GO1FI9GTYV0cOZTQPETstMFVgSXfYiiW3qV4OJ6H5WMW, 2020-12-19 13:48:29, 2020-12-19 13:48:29)) {"exception":"[object] (Illuminate\\Database\\QueryException(code: HY000): SQLSTATE[HY000]: General error: 1364 Field 'username' doesn't have a default value (SQL: insert into `users` (`email`, `password`, `updated_at`, `created_at`) values (arka.inc876@gmail.com, $2y$10$1oh4aNEl4GO1FI9GTYV0cOZTQPETstMFVgSXfYiiW3qV4OJ6H5WMW, 2020-12-19 13:48:29, 2020-12-19 13:48:29)) at C:\\xampp2\\htdocs\\jwt-app\\vendor\\illuminate\\database\\Connection.php:678)
[stacktrace]
#0 C:\\xampp2\\htdocs\\jwt-app\\vendor\\illuminate\\database\\Connection.php(638): Illuminate\\Database\\Connection->runQueryCallback('insert into `us...', Array, Object(Closure))
#1 C:\\xampp2\\htdocs\\jwt-app\\vendor\\illuminate\\database\\Connection.php(472): Illuminate\\Database\\Connection->run('insert into `us...', Array, Object(Closure))
#2 C:\\xampp2\\htdocs\\jwt-app\\vendor\\illuminate\\database\\Connection.php(424): Illuminate\\Database\\Connection->statement('insert into `us...', Array)
#3 C:\\xampp2\\htdocs\\jwt-app\\vendor\\illuminate\\database\\Query\\Processors\\Processor.php(32): Illuminate\\Database\\Connection->insert('insert into `us...', Array)
#4 C:\\xampp2\\htdocs\\jwt-app\\vendor\\illuminate\\database\\Query\\Builder.php(2872): Illuminate\\Database\\Query\\Processors\\Processor->processInsertGetId(Object(Illuminate\\Database\\Query\\Builder), 'insert into `us...', Array, 'id')
#5 C:\\xampp2\\htdocs\\jwt-app\\vendor\\illuminate\\database\\Eloquent\\Builder.php(1508): Illuminate\\Database\\Query\\Builder->insertGetId(Array, 'id')
#6 C:\\xampp2\\htdocs\\jwt-app\\vendor\\illuminate\\database\\Eloquent\\Model.php(1051): Illuminate\\Database\\Eloquent\\Builder->__call('insertGetId', Array)
#7 C:\\xampp2\\htdocs\\jwt-app\\vendor\\illuminate\\database\\Eloquent\\Model.php(1016): Illuminate\\Database\\Eloquent\\Model->insertAndSetId(Object(Illuminate\\Database\\Eloquent\\Builder), Array)
#8 C:\\xampp2\\htdocs\\jwt-app\\vendor\\illuminate\\database\\Eloquent\\Model.php(857): Illuminate\\Database\\Eloquent\\Model->performInsert(Object(Illuminate\\Database\\Eloquent\\Builder))
#9 C:\\xampp2\\htdocs\\jwt-app\\vendor\\illuminate\\database\\Eloquent\\Builder.php(777): Illuminate\\Database\\Eloquent\\Model->save()
#10 C:\\xampp2\\htdocs\\jwt-app\\vendor\\illuminate\\support\\helpers.php(263): Illuminate\\Database\\Eloquent\\Builder->Illuminate\\Database\\Eloquent\\{closure}(Object(App\\Models\\User))
#11 C:\\xampp2\\htdocs\\jwt-app\\vendor\\illuminate\\database\\Eloquent\\Builder.php(778): tap(Object(App\\Models\\User), Object(Closure))
#12 C:\\xampp2\\htdocs\\jwt-app\\vendor\\illuminate\\support\\Traits\\ForwardsCalls.php(23): Illuminate\\Database\\Eloquent\\Builder->create(Array)
#13 C:\\xampp2\\htdocs\\jwt-app\\vendor\\illuminate\\database\\Eloquent\\Model.php(1885): Illuminate\\Database\\Eloquent\\Model->forwardCallTo(Object(Illuminate\\Database\\Eloquent\\Builder), 'create', Array)
#14 C:\\xampp2\\htdocs\\jwt-app\\vendor\\illuminate\\database\\Eloquent\\Model.php(1897): Illuminate\\Database\\Eloquent\\Model->__call('create', Array)
#15 C:\\xampp2\\htdocs\\jwt-app\\app\\Http\\Controllers\\UserController.php(35): Illuminate\\Database\\Eloquent\\Model::__callStatic('create', Array)
#16 C:\\xampp2\\htdocs\\jwt-app\\vendor\\illuminate\\container\\BoundMethod.php(36): App\\Http\\Controllers\\UserController->register(Object(Laravel\\Lumen\\Http\\Request))
#17 C:\\xampp2\\htdocs\\jwt-app\\vendor\\illuminate\\container\\Util.php(40): Illuminate\\Container\\BoundMethod::Illuminate\\Container\\{closure}()
#18 C:\\xampp2\\htdocs\\jwt-app\\vendor\\illuminate\\container\\BoundMethod.php(93): Illuminate\\Container\\Util::unwrapIfClosure(Object(Closure))
#19 C:\\xampp2\\htdocs\\jwt-app\\vendor\\illuminate\\container\\BoundMethod.php(37): Illuminate\\Container\\BoundMethod::callBoundMethod(Object(Laravel\\Lumen\\Application), Array, Object(Closure))
#20 C:\\xampp2\\htdocs\\jwt-app\\vendor\\illuminate\\container\\Container.php(610): Illuminate\\Container\\BoundMethod::call(Object(Laravel\\Lumen\\Application), Array, Array, NULL)
#21 C:\\xampp2\\htdocs\\jwt-app\\vendor\\laravel\\lumen-framework\\src\\Concerns\\RoutesRequests.php(386): Illuminate\\Container\\Container->call(Array, Array)
#22 C:\\xampp2\\htdocs\\jwt-app\\vendor\\laravel\\lumen-framework\\src\\Concerns\\RoutesRequests.php(352): Laravel\\Lumen\\Application->callControllerCallable(Array, Array)
#23 C:\\xampp2\\htdocs\\jwt-app\\vendor\\laravel\\lumen-framework\\src\\Concerns\\RoutesRequests.php(326): Laravel\\Lumen\\Application->callLumenController(Object(App\\Http\\Controllers\\UserController), 'register', Array)
#24 C:\\xampp2\\htdocs\\jwt-app\\vendor\\laravel\\lumen-framework\\src\\Concerns\\RoutesRequests.php(279): Laravel\\Lumen\\Application->callControllerAction(Array)
#25 C:\\xampp2\\htdocs\\jwt-app\\vendor\\laravel\\lumen-framework\\src\\Concerns\\RoutesRequests.php(264): Laravel\\Lumen\\Application->callActionOnArrayBasedRoute(Array)
#26 C:\\xampp2\\htdocs\\jwt-app\\vendor\\laravel\\lumen-framework\\src\\Concerns\\RoutesRequests.php(166): Laravel\\Lumen\\Application->handleFoundRoute(Array)
#27 C:\\xampp2\\htdocs\\jwt-app\\vendor\\laravel\\lumen-framework\\src\\Concerns\\RoutesRequests.php(426): Laravel\\Lumen\\Application->Laravel\\Lumen\\Concerns\\{closure}(Object(Laravel\\Lumen\\Http\\Request))
#28 C:\\xampp2\\htdocs\\jwt-app\\vendor\\laravel\\lumen-framework\\src\\Concerns\\RoutesRequests.php(172): Laravel\\Lumen\\Application->sendThroughPipeline(Array, Object(Closure))
#29 C:\\xampp2\\htdocs\\jwt-app\\vendor\\laravel\\lumen-framework\\src\\Concerns\\RoutesRequests.php(109): Laravel\\Lumen\\Application->dispatch(NULL)
#30 C:\\xampp2\\htdocs\\jwt-app\\public\\index.php(28): Laravel\\Lumen\\Application->run()
#31 {main}

[previous exception] [object] (PDOException(code: HY000): SQLSTATE[HY000]: General error: 1364 Field 'username' doesn't have a default value at C:\\xampp2\\htdocs\\jwt-app\\vendor\\illuminate\\database\\Connection.php:471)
[stacktrace]
#0 C:\\xampp2\\htdocs\\jwt-app\\vendor\\illuminate\\database\\Connection.php(471): PDOStatement->execute()
#1 C:\\xampp2\\htdocs\\jwt-app\\vendor\\illuminate\\database\\Connection.php(671): Illuminate\\Database\\Connection->Illuminate\\Database\\{closure}('insert into `us...', Array)
#2 C:\\xampp2\\htdocs\\jwt-app\\vendor\\illuminate\\database\\Connection.php(638): Illuminate\\Database\\Connection->runQueryCallback('insert into `us...', Array, Object(Closure))
#3 C:\\xampp2\\htdocs\\jwt-app\\vendor\\illuminate\\database\\Connection.php(472): Illuminate\\Database\\Connection->run('insert into `us...', Array, Object(Closure))
#4 C:\\xampp2\\htdocs\\jwt-app\\vendor\\illuminate\\database\\Connection.php(424): Illuminate\\Database\\Connection->statement('insert into `us...', Array)
#5 C:\\xampp2\\htdocs\\jwt-app\\vendor\\illuminate\\database\\Query\\Processors\\Processor.php(32): Illuminate\\Database\\Connection->insert('insert into `us...', Array)
#6 C:\\xampp2\\htdocs\\jwt-app\\vendor\\illuminate\\database\\Query\\Builder.php(2872): Illuminate\\Database\\Query\\Processors\\Processor->processInsertGetId(Object(Illuminate\\Database\\Query\\Builder), 'insert into `us...', Array, 'id')
#7 C:\\xampp2\\htdocs\\jwt-app\\vendor\\illuminate\\database\\Eloquent\\Builder.php(1508): Illuminate\\Database\\Query\\Builder->insertGetId(Array, 'id')
#8 C:\\xampp2\\htdocs\\jwt-app\\vendor\\illuminate\\database\\Eloquent\\Model.php(1051): Illuminate\\Database\\Eloquent\\Builder->__call('insertGetId', Array)
#9 C:\\xampp2\\htdocs\\jwt-app\\vendor\\illuminate\\database\\Eloquent\\Model.php(1016): Illuminate\\Database\\Eloquent\\Model->insertAndSetId(Object(Illuminate\\Database\\Eloquent\\Builder), Array)
#10 C:\\xampp2\\htdocs\\jwt-app\\vendor\\illuminate\\database\\Eloquent\\Model.php(857): Illuminate\\Database\\Eloquent\\Model->performInsert(Object(Illuminate\\Database\\Eloquent\\Builder))
#11 C:\\xampp2\\htdocs\\jwt-app\\vendor\\illuminate\\database\\Eloquent\\Builder.php(777): Illuminate\\Database\\Eloquent\\Model->save()
#12 C:\\xampp2\\htdocs\\jwt-app\\vendor\\illuminate\\support\\helpers.php(263): Illuminate\\Database\\Eloquent\\Builder->Illuminate\\Database\\Eloquent\\{closure}(Object(App\\Models\\User))
#13 C:\\xampp2\\htdocs\\jwt-app\\vendor\\illuminate\\database\\Eloquent\\Builder.php(778): tap(Object(App\\Models\\User), Object(Closure))
#14 C:\\xampp2\\htdocs\\jwt-app\\vendor\\illuminate\\support\\Traits\\ForwardsCalls.php(23): Illuminate\\Database\\Eloquent\\Builder->create(Array)
#15 C:\\xampp2\\htdocs\\jwt-app\\vendor\\illuminate\\database\\Eloquent\\Model.php(1885): Illuminate\\Database\\Eloquent\\Model->forwardCallTo(Object(Illuminate\\Database\\Eloquent\\Builder), 'create', Array)
#16 C:\\xampp2\\htdocs\\jwt-app\\vendor\\illuminate\\database\\Eloquent\\Model.php(1897): Illuminate\\Database\\Eloquent\\Model->__call('create', Array)
#17 C:\\xampp2\\htdocs\\jwt-app\\app\\Http\\Controllers\\UserController.php(35): Illuminate\\Database\\Eloquent\\Model::__callStatic('create', Array)
#18 C:\\xampp2\\htdocs\\jwt-app\\vendor\\illuminate\\container\\BoundMethod.php(36): App\\Http\\Controllers\\UserController->register(Object(Laravel\\Lumen\\Http\\Request))
#19 C:\\xampp2\\htdocs\\jwt-app\\vendor\\illuminate\\container\\Util.php(40): Illuminate\\Container\\BoundMethod::Illuminate\\Container\\{closure}()
#20 C:\\xampp2\\htdocs\\jwt-app\\vendor\\illuminate\\container\\BoundMethod.php(93): Illuminate\\Container\\Util::unwrapIfClosure(Object(Closure))
#21 C:\\xampp2\\htdocs\\jwt-app\\vendor\\illuminate\\container\\BoundMethod.php(37): Illuminate\\Container\\BoundMethod::callBoundMethod(Object(Laravel\\Lumen\\Application), Array, Object(Closure))
#22 C:\\xampp2\\htdocs\\jwt-app\\vendor\\illuminate\\container\\Container.php(610): Illuminate\\Container\\BoundMethod::call(Object(Laravel\\Lumen\\Application), Array, Array, NULL)
#23 C:\\xampp2\\htdocs\\jwt-app\\vendor\\laravel\\lumen-framework\\src\\Concerns\\RoutesRequests.php(386): Illuminate\\Container\\Container->call(Array, Array)
#24 C:\\xampp2\\htdocs\\jwt-app\\vendor\\laravel\\lumen-framework\\src\\Concerns\\RoutesRequests.php(352): Laravel\\Lumen\\Application->callControllerCallable(Array, Array)
#25 C:\\xampp2\\htdocs\\jwt-app\\vendor\\laravel\\lumen-framework\\src\\Concerns\\RoutesRequests.php(326): Laravel\\Lumen\\Application->callLumenController(Object(App\\Http\\Controllers\\UserController), 'register', Array)
#26 C:\\xampp2\\htdocs\\jwt-app\\vendor\\laravel\\lumen-framework\\src\\Concerns\\RoutesRequests.php(279): Laravel\\Lumen\\Application->callControllerAction(Array)
#27 C:\\xampp2\\htdocs\\jwt-app\\vendor\\laravel\\lumen-framework\\src\\Concerns\\RoutesRequests.php(264): Laravel\\Lumen\\Application->callActionOnArrayBasedRoute(Array)
#28 C:\\xampp2\\htdocs\\jwt-app\\vendor\\laravel\\lumen-framework\\src\\Concerns\\RoutesRequests.php(166): Laravel\\Lumen\\Application->handleFoundRoute(Array)
#29 C:\\xampp2\\htdocs\\jwt-app\\vendor\\laravel\\lumen-framework\\src\\Concerns\\RoutesRequests.php(426): Laravel\\Lumen\\Application->Laravel\\Lumen\\Concerns\\{closure}(Object(Laravel\\Lumen\\Http\\Request))
#30 C:\\xampp2\\htdocs\\jwt-app\\vendor\\laravel\\lumen-framework\\src\\Concerns\\RoutesRequests.php(172): Laravel\\Lumen\\Application->sendThroughPipeline(Array, Object(Closure))
#31 C:\\xampp2\\htdocs\\jwt-app\\vendor\\laravel\\lumen-framework\\src\\Concerns\\RoutesRequests.php(109): Laravel\\Lumen\\Application->dispatch(NULL)
#32 C:\\xampp2\\htdocs\\jwt-app\\public\\index.php(28): Laravel\\Lumen\\Application->run()
#33 {main}
"} 
[2020-12-19 13:49:28] local.ERROR: SQLSTATE[HY000]: General error: 1364 Field 'username' doesn't have a default value (SQL: insert into `users` (`email`, `password`, `updated_at`, `created_at`) values (arka.inc876@gmail.com, $2y$10$7MVYWUlIg4eW8N9TiA6OleNz8ypum4yINgP97XPqJH8veYkVPHTKO, 2020-12-19 13:49:27, 2020-12-19 13:49:27)) {"exception":"[object] (Illuminate\\Database\\QueryException(code: HY000): SQLSTATE[HY000]: General error: 1364 Field 'username' doesn't have a default value (SQL: insert into `users` (`email`, `password`, `updated_at`, `created_at`) values (arka.inc876@gmail.com, $2y$10$7MVYWUlIg4eW8N9TiA6OleNz8ypum4yINgP97XPqJH8veYkVPHTKO, 2020-12-19 13:49:27, 2020-12-19 13:49:27)) at C:\\xampp2\\htdocs\\jwt-app\\vendor\\illuminate\\database\\Connection.php:678)
[stacktrace]
#0 C:\\xampp2\\htdocs\\jwt-app\\vendor\\illuminate\\database\\Connection.php(638): Illuminate\\Database\\Connection->runQueryCallback('insert into `us...', Array, Object(Closure))
#1 C:\\xampp2\\htdocs\\jwt-app\\vendor\\illuminate\\database\\Connection.php(472): Illuminate\\Database\\Connection->run('insert into `us...', Array, Object(Closure))
#2 C:\\xampp2\\htdocs\\jwt-app\\vendor\\illuminate\\database\\Connection.php(424): Illuminate\\Database\\Connection->statement('insert into `us...', Array)
#3 C:\\xampp2\\htdocs\\jwt-app\\vendor\\illuminate\\database\\Query\\Processors\\Processor.php(32): Illuminate\\Database\\Connection->insert('insert into `us...', Array)
#4 C:\\xampp2\\htdocs\\jwt-app\\vendor\\illuminate\\database\\Query\\Builder.php(2872): Illuminate\\Database\\Query\\Processors\\Processor->processInsertGetId(Object(Illuminate\\Database\\Query\\Builder), 'insert into `us...', Array, 'id')
#5 C:\\xampp2\\htdocs\\jwt-app\\vendor\\illuminate\\database\\Eloquent\\Builder.php(1508): Illuminate\\Database\\Query\\Builder->insertGetId(Array, 'id')
#6 C:\\xampp2\\htdocs\\jwt-app\\vendor\\illuminate\\database\\Eloquent\\Model.php(1051): Illuminate\\Database\\Eloquent\\Builder->__call('insertGetId', Array)
#7 C:\\xampp2\\htdocs\\jwt-app\\vendor\\illuminate\\database\\Eloquent\\Model.php(1016): Illuminate\\Database\\Eloquent\\Model->insertAndSetId(Object(Illuminate\\Database\\Eloquent\\Builder), Array)
#8 C:\\xampp2\\htdocs\\jwt-app\\vendor\\illuminate\\database\\Eloquent\\Model.php(857): Illuminate\\Database\\Eloquent\\Model->performInsert(Object(Illuminate\\Database\\Eloquent\\Builder))
#9 C:\\xampp2\\htdocs\\jwt-app\\vendor\\illuminate\\database\\Eloquent\\Builder.php(777): Illuminate\\Database\\Eloquent\\Model->save()
#10 C:\\xampp2\\htdocs\\jwt-app\\vendor\\illuminate\\support\\helpers.php(263): Illuminate\\Database\\Eloquent\\Builder->Illuminate\\Database\\Eloquent\\{closure}(Object(App\\Models\\User))
#11 C:\\xampp2\\htdocs\\jwt-app\\vendor\\illuminate\\database\\Eloquent\\Builder.php(778): tap(Object(App\\Models\\User), Object(Closure))
#12 C:\\xampp2\\htdocs\\jwt-app\\vendor\\illuminate\\support\\Traits\\ForwardsCalls.php(23): Illuminate\\Database\\Eloquent\\Builder->create(Array)
#13 C:\\xampp2\\htdocs\\jwt-app\\vendor\\illuminate\\database\\Eloquent\\Model.php(1885): Illuminate\\Database\\Eloquent\\Model->forwardCallTo(Object(Illuminate\\Database\\Eloquent\\Builder), 'create', Array)
#14 C:\\xampp2\\htdocs\\jwt-app\\vendor\\illuminate\\database\\Eloquent\\Model.php(1897): Illuminate\\Database\\Eloquent\\Model->__call('create', Array)
#15 C:\\xampp2\\htdocs\\jwt-app\\app\\Http\\Controllers\\UserController.php(35): Illuminate\\Database\\Eloquent\\Model::__callStatic('create', Array)
#16 C:\\xampp2\\htdocs\\jwt-app\\vendor\\illuminate\\container\\BoundMethod.php(36): App\\Http\\Controllers\\UserController->register(Object(Laravel\\Lumen\\Http\\Request))
#17 C:\\xampp2\\htdocs\\jwt-app\\vendor\\illuminate\\container\\Util.php(40): Illuminate\\Container\\BoundMethod::Illuminate\\Container\\{closure}()
#18 C:\\xampp2\\htdocs\\jwt-app\\vendor\\illuminate\\container\\BoundMethod.php(93): Illuminate\\Container\\Util::unwrapIfClosure(Object(Closure))
#19 C:\\xampp2\\htdocs\\jwt-app\\vendor\\illuminate\\container\\BoundMethod.php(37): Illuminate\\Container\\BoundMethod::callBoundMethod(Object(Laravel\\Lumen\\Application), Array, Object(Closure))
#20 C:\\xampp2\\htdocs\\jwt-app\\vendor\\illuminate\\container\\Container.php(610): Illuminate\\Container\\BoundMethod::call(Object(Laravel\\Lumen\\Application), Array, Array, NULL)
#21 C:\\xampp2\\htdocs\\jwt-app\\vendor\\laravel\\lumen-framework\\src\\Concerns\\RoutesRequests.php(386): Illuminate\\Container\\Container->call(Array, Array)
#22 C:\\xampp2\\htdocs\\jwt-app\\vendor\\laravel\\lumen-framework\\src\\Concerns\\RoutesRequests.php(352): Laravel\\Lumen\\Application->callControllerCallable(Array, Array)
#23 C:\\xampp2\\htdocs\\jwt-app\\vendor\\laravel\\lumen-framework\\src\\Concerns\\RoutesRequests.php(326): Laravel\\Lumen\\Application->callLumenController(Object(App\\Http\\Controllers\\UserController), 'register', Array)
#24 C:\\xampp2\\htdocs\\jwt-app\\vendor\\laravel\\lumen-framework\\src\\Concerns\\RoutesRequests.php(279): Laravel\\Lumen\\Application->callControllerAction(Array)
#25 C:\\xampp2\\htdocs\\jwt-app\\vendor\\laravel\\lumen-framework\\src\\Concerns\\RoutesRequests.php(264): Laravel\\Lumen\\Application->callActionOnArrayBasedRoute(Array)
#26 C:\\xampp2\\htdocs\\jwt-app\\vendor\\laravel\\lumen-framework\\src\\Concerns\\RoutesRequests.php(166): Laravel\\Lumen\\Application->handleFoundRoute(Array)
#27 C:\\xampp2\\htdocs\\jwt-app\\vendor\\laravel\\lumen-framework\\src\\Concerns\\RoutesRequests.php(426): Laravel\\Lumen\\Application->Laravel\\Lumen\\Concerns\\{closure}(Object(Laravel\\Lumen\\Http\\Request))
#28 C:\\xampp2\\htdocs\\jwt-app\\vendor\\laravel\\lumen-framework\\src\\Concerns\\RoutesRequests.php(172): Laravel\\Lumen\\Application->sendThroughPipeline(Array, Object(Closure))
#29 C:\\xampp2\\htdocs\\jwt-app\\vendor\\laravel\\lumen-framework\\src\\Concerns\\RoutesRequests.php(109): Laravel\\Lumen\\Application->dispatch(NULL)
#30 C:\\xampp2\\htdocs\\jwt-app\\public\\index.php(28): Laravel\\Lumen\\Application->run()
#31 {main}

[previous exception] [object] (PDOException(code: HY000): SQLSTATE[HY000]: General error: 1364 Field 'username' doesn't have a default value at C:\\xampp2\\htdocs\\jwt-app\\vendor\\illuminate\\database\\Connection.php:471)
[stacktrace]
#0 C:\\xampp2\\htdocs\\jwt-app\\vendor\\illuminate\\database\\Connection.php(471): PDOStatement->execute()
#1 C:\\xampp2\\htdocs\\jwt-app\\vendor\\illuminate\\database\\Connection.php(671): Illuminate\\Database\\Connection->Illuminate\\Database\\{closure}('insert into `us...', Array)
#2 C:\\xampp2\\htdocs\\jwt-app\\vendor\\illuminate\\database\\Connection.php(638): Illuminate\\Database\\Connection->runQueryCallback('insert into `us...', Array, Object(Closure))
#3 C:\\xampp2\\htdocs\\jwt-app\\vendor\\illuminate\\database\\Connection.php(472): Illuminate\\Database\\Connection->run('insert into `us...', Array, Object(Closure))
#4 C:\\xampp2\\htdocs\\jwt-app\\vendor\\illuminate\\database\\Connection.php(424): Illuminate\\Database\\Connection->statement('insert into `us...', Array)
#5 C:\\xampp2\\htdocs\\jwt-app\\vendor\\illuminate\\database\\Query\\Processors\\Processor.php(32): Illuminate\\Database\\Connection->insert('insert into `us...', Array)
#6 C:\\xampp2\\htdocs\\jwt-app\\vendor\\illuminate\\database\\Query\\Builder.php(2872): Illuminate\\Database\\Query\\Processors\\Processor->processInsertGetId(Object(Illuminate\\Database\\Query\\Builder), 'insert into `us...', Array, 'id')
#7 C:\\xampp2\\htdocs\\jwt-app\\vendor\\illuminate\\database\\Eloquent\\Builder.php(1508): Illuminate\\Database\\Query\\Builder->insertGetId(Array, 'id')
#8 C:\\xampp2\\htdocs\\jwt-app\\vendor\\illuminate\\database\\Eloquent\\Model.php(1051): Illuminate\\Database\\Eloquent\\Builder->__call('insertGetId', Array)
#9 C:\\xampp2\\htdocs\\jwt-app\\vendor\\illuminate\\database\\Eloquent\\Model.php(1016): Illuminate\\Database\\Eloquent\\Model->insertAndSetId(Object(Illuminate\\Database\\Eloquent\\Builder), Array)
#10 C:\\xampp2\\htdocs\\jwt-app\\vendor\\illuminate\\database\\Eloquent\\Model.php(857): Illuminate\\Database\\Eloquent\\Model->performInsert(Object(Illuminate\\Database\\Eloquent\\Builder))
#11 C:\\xampp2\\htdocs\\jwt-app\\vendor\\illuminate\\database\\Eloquent\\Builder.php(777): Illuminate\\Database\\Eloquent\\Model->save()
#12 C:\\xampp2\\htdocs\\jwt-app\\vendor\\illuminate\\support\\helpers.php(263): Illuminate\\Database\\Eloquent\\Builder->Illuminate\\Database\\Eloquent\\{closure}(Object(App\\Models\\User))
#13 C:\\xampp2\\htdocs\\jwt-app\\vendor\\illuminate\\database\\Eloquent\\Builder.php(778): tap(Object(App\\Models\\User), Object(Closure))
#14 C:\\xampp2\\htdocs\\jwt-app\\vendor\\illuminate\\support\\Traits\\ForwardsCalls.php(23): Illuminate\\Database\\Eloquent\\Builder->create(Array)
#15 C:\\xampp2\\htdocs\\jwt-app\\vendor\\illuminate\\database\\Eloquent\\Model.php(1885): Illuminate\\Database\\Eloquent\\Model->forwardCallTo(Object(Illuminate\\Database\\Eloquent\\Builder), 'create', Array)
#16 C:\\xampp2\\htdocs\\jwt-app\\vendor\\illuminate\\database\\Eloquent\\Model.php(1897): Illuminate\\Database\\Eloquent\\Model->__call('create', Array)
#17 C:\\xampp2\\htdocs\\jwt-app\\app\\Http\\Controllers\\UserController.php(35): Illuminate\\Database\\Eloquent\\Model::__callStatic('create', Array)
#18 C:\\xampp2\\htdocs\\jwt-app\\vendor\\illuminate\\container\\BoundMethod.php(36): App\\Http\\Controllers\\UserController->register(Object(Laravel\\Lumen\\Http\\Request))
#19 C:\\xampp2\\htdocs\\jwt-app\\vendor\\illuminate\\container\\Util.php(40): Illuminate\\Container\\BoundMethod::Illuminate\\Container\\{closure}()
#20 C:\\xampp2\\htdocs\\jwt-app\\vendor\\illuminate\\container\\BoundMethod.php(93): Illuminate\\Container\\Util::unwrapIfClosure(Object(Closure))
#21 C:\\xampp2\\htdocs\\jwt-app\\vendor\\illuminate\\container\\BoundMethod.php(37): Illuminate\\Container\\BoundMethod::callBoundMethod(Object(Laravel\\Lumen\\Application), Array, Object(Closure))
#22 C:\\xampp2\\htdocs\\jwt-app\\vendor\\illuminate\\container\\Container.php(610): Illuminate\\Container\\BoundMethod::call(Object(Laravel\\Lumen\\Application), Array, Array, NULL)
#23 C:\\xampp2\\htdocs\\jwt-app\\vendor\\laravel\\lumen-framework\\src\\Concerns\\RoutesRequests.php(386): Illuminate\\Container\\Container->call(Array, Array)
#24 C:\\xampp2\\htdocs\\jwt-app\\vendor\\laravel\\lumen-framework\\src\\Concerns\\RoutesRequests.php(352): Laravel\\Lumen\\Application->callControllerCallable(Array, Array)
#25 C:\\xampp2\\htdocs\\jwt-app\\vendor\\laravel\\lumen-framework\\src\\Concerns\\RoutesRequests.php(326): Laravel\\Lumen\\Application->callLumenController(Object(App\\Http\\Controllers\\UserController), 'register', Array)
#26 C:\\xampp2\\htdocs\\jwt-app\\vendor\\laravel\\lumen-framework\\src\\Concerns\\RoutesRequests.php(279): Laravel\\Lumen\\Application->callControllerAction(Array)
#27 C:\\xampp2\\htdocs\\jwt-app\\vendor\\laravel\\lumen-framework\\src\\Concerns\\RoutesRequests.php(264): Laravel\\Lumen\\Application->callActionOnArrayBasedRoute(Array)
#28 C:\\xampp2\\htdocs\\jwt-app\\vendor\\laravel\\lumen-framework\\src\\Concerns\\RoutesRequests.php(166): Laravel\\Lumen\\Application->handleFoundRoute(Array)
#29 C:\\xampp2\\htdocs\\jwt-app\\vendor\\laravel\\lumen-framework\\src\\Concerns\\RoutesRequests.php(426): Laravel\\Lumen\\Application->Laravel\\Lumen\\Concerns\\{closure}(Object(Laravel\\Lumen\\Http\\Request))
#30 C:\\xampp2\\htdocs\\jwt-app\\vendor\\laravel\\lumen-framework\\src\\Concerns\\RoutesRequests.php(172): Laravel\\Lumen\\Application->sendThroughPipeline(Array, Object(Closure))
#31 C:\\xampp2\\htdocs\\jwt-app\\vendor\\laravel\\lumen-framework\\src\\Concerns\\RoutesRequests.php(109): Laravel\\Lumen\\Application->dispatch(NULL)
#32 C:\\xampp2\\htdocs\\jwt-app\\public\\index.php(28): Laravel\\Lumen\\Application->run()
#33 {main}
"} 
[2020-12-19 13:49:55] local.ERROR: SQLSTATE[HY000]: General error: 1364 Field 'username' doesn't have a default value (SQL: insert into `users` (`email`, `password`, `updated_at`, `created_at`) values (arka.inc876@gmail.com, $2y$10$C8IulR2/3YcL4g7J2ALGpeIQSbkCwpcAPOWLtZYfxAvNc06F72HSm, 2020-12-19 13:49:55, 2020-12-19 13:49:55)) {"exception":"[object] (Illuminate\\Database\\QueryException(code: HY000): SQLSTATE[HY000]: General error: 1364 Field 'username' doesn't have a default value (SQL: insert into `users` (`email`, `password`, `updated_at`, `created_at`) values (arka.inc876@gmail.com, $2y$10$C8IulR2/3YcL4g7J2ALGpeIQSbkCwpcAPOWLtZYfxAvNc06F72HSm, 2020-12-19 13:49:55, 2020-12-19 13:49:55)) at C:\\xampp2\\htdocs\\jwt-app\\vendor\\illuminate\\database\\Connection.php:678)
[stacktrace]
#0 C:\\xampp2\\htdocs\\jwt-app\\vendor\\illuminate\\database\\Connection.php(638): Illuminate\\Database\\Connection->runQueryCallback('insert into `us...', Array, Object(Closure))
#1 C:\\xampp2\\htdocs\\jwt-app\\vendor\\illuminate\\database\\Connection.php(472): Illuminate\\Database\\Connection->run('insert into `us...', Array, Object(Closure))
#2 C:\\xampp2\\htdocs\\jwt-app\\vendor\\illuminate\\database\\Connection.php(424): Illuminate\\Database\\Connection->statement('insert into `us...', Array)
#3 C:\\xampp2\\htdocs\\jwt-app\\vendor\\illuminate\\database\\Query\\Processors\\Processor.php(32): Illuminate\\Database\\Connection->insert('insert into `us...', Array)
#4 C:\\xampp2\\htdocs\\jwt-app\\vendor\\illuminate\\database\\Query\\Builder.php(2872): Illuminate\\Database\\Query\\Processors\\Processor->processInsertGetId(Object(Illuminate\\Database\\Query\\Builder), 'insert into `us...', Array, 'id')
#5 C:\\xampp2\\htdocs\\jwt-app\\vendor\\illuminate\\database\\Eloquent\\Builder.php(1508): Illuminate\\Database\\Query\\Builder->insertGetId(Array, 'id')
#6 C:\\xampp2\\htdocs\\jwt-app\\vendor\\illuminate\\database\\Eloquent\\Model.php(1051): Illuminate\\Database\\Eloquent\\Builder->__call('insertGetId', Array)
#7 C:\\xampp2\\htdocs\\jwt-app\\vendor\\illuminate\\database\\Eloquent\\Model.php(1016): Illuminate\\Database\\Eloquent\\Model->insertAndSetId(Object(Illuminate\\Database\\Eloquent\\Builder), Array)
#8 C:\\xampp2\\htdocs\\jwt-app\\vendor\\illuminate\\database\\Eloquent\\Model.php(857): Illuminate\\Database\\Eloquent\\Model->performInsert(Object(Illuminate\\Database\\Eloquent\\Builder))
#9 C:\\xampp2\\htdocs\\jwt-app\\vendor\\illuminate\\database\\Eloquent\\Builder.php(777): Illuminate\\Database\\Eloquent\\Model->save()
#10 C:\\xampp2\\htdocs\\jwt-app\\vendor\\illuminate\\support\\helpers.php(263): Illuminate\\Database\\Eloquent\\Builder->Illuminate\\Database\\Eloquent\\{closure}(Object(App\\Models\\User))
#11 C:\\xampp2\\htdocs\\jwt-app\\vendor\\illuminate\\database\\Eloquent\\Builder.php(778): tap(Object(App\\Models\\User), Object(Closure))
#12 C:\\xampp2\\htdocs\\jwt-app\\vendor\\illuminate\\support\\Traits\\ForwardsCalls.php(23): Illuminate\\Database\\Eloquent\\Builder->create(Array)
#13 C:\\xampp2\\htdocs\\jwt-app\\vendor\\illuminate\\database\\Eloquent\\Model.php(1885): Illuminate\\Database\\Eloquent\\Model->forwardCallTo(Object(Illuminate\\Database\\Eloquent\\Builder), 'create', Array)
#14 C:\\xampp2\\htdocs\\jwt-app\\vendor\\illuminate\\database\\Eloquent\\Model.php(1897): Illuminate\\Database\\Eloquent\\Model->__call('create', Array)
#15 C:\\xampp2\\htdocs\\jwt-app\\app\\Http\\Controllers\\UserController.php(35): Illuminate\\Database\\Eloquent\\Model::__callStatic('create', Array)
#16 C:\\xampp2\\htdocs\\jwt-app\\vendor\\illuminate\\container\\BoundMethod.php(36): App\\Http\\Controllers\\UserController->register(Object(Laravel\\Lumen\\Http\\Request))
#17 C:\\xampp2\\htdocs\\jwt-app\\vendor\\illuminate\\container\\Util.php(40): Illuminate\\Container\\BoundMethod::Illuminate\\Container\\{closure}()
#18 C:\\xampp2\\htdocs\\jwt-app\\vendor\\illuminate\\container\\BoundMethod.php(93): Illuminate\\Container\\Util::unwrapIfClosure(Object(Closure))
#19 C:\\xampp2\\htdocs\\jwt-app\\vendor\\illuminate\\container\\BoundMethod.php(37): Illuminate\\Container\\BoundMethod::callBoundMethod(Object(Laravel\\Lumen\\Application), Array, Object(Closure))
#20 C:\\xampp2\\htdocs\\jwt-app\\vendor\\illuminate\\container\\Container.php(610): Illuminate\\Container\\BoundMethod::call(Object(Laravel\\Lumen\\Application), Array, Array, NULL)
#21 C:\\xampp2\\htdocs\\jwt-app\\vendor\\laravel\\lumen-framework\\src\\Concerns\\RoutesRequests.php(386): Illuminate\\Container\\Container->call(Array, Array)
#22 C:\\xampp2\\htdocs\\jwt-app\\vendor\\laravel\\lumen-framework\\src\\Concerns\\RoutesRequests.php(352): Laravel\\Lumen\\Application->callControllerCallable(Array, Array)
#23 C:\\xampp2\\htdocs\\jwt-app\\vendor\\laravel\\lumen-framework\\src\\Concerns\\RoutesRequests.php(326): Laravel\\Lumen\\Application->callLumenController(Object(App\\Http\\Controllers\\UserController), 'register', Array)
#24 C:\\xampp2\\htdocs\\jwt-app\\vendor\\laravel\\lumen-framework\\src\\Concerns\\RoutesRequests.php(279): Laravel\\Lumen\\Application->callControllerAction(Array)
#25 C:\\xampp2\\htdocs\\jwt-app\\vendor\\laravel\\lumen-framework\\src\\Concerns\\RoutesRequests.php(264): Laravel\\Lumen\\Application->callActionOnArrayBasedRoute(Array)
#26 C:\\xampp2\\htdocs\\jwt-app\\vendor\\laravel\\lumen-framework\\src\\Concerns\\RoutesRequests.php(166): Laravel\\Lumen\\Application->handleFoundRoute(Array)
#27 C:\\xampp2\\htdocs\\jwt-app\\vendor\\laravel\\lumen-framework\\src\\Concerns\\RoutesRequests.php(426): Laravel\\Lumen\\Application->Laravel\\Lumen\\Concerns\\{closure}(Object(Laravel\\Lumen\\Http\\Request))
#28 C:\\xampp2\\htdocs\\jwt-app\\vendor\\laravel\\lumen-framework\\src\\Concerns\\RoutesRequests.php(172): Laravel\\Lumen\\Application->sendThroughPipeline(Array, Object(Closure))
#29 C:\\xampp2\\htdocs\\jwt-app\\vendor\\laravel\\lumen-framework\\src\\Concerns\\RoutesRequests.php(109): Laravel\\Lumen\\Application->dispatch(NULL)
#30 C:\\xampp2\\htdocs\\jwt-app\\public\\index.php(28): Laravel\\Lumen\\Application->run()
#31 {main}

[previous exception] [object] (PDOException(code: HY000): SQLSTATE[HY000]: General error: 1364 Field 'username' doesn't have a default value at C:\\xampp2\\htdocs\\jwt-app\\vendor\\illuminate\\database\\Connection.php:471)
[stacktrace]
#0 C:\\xampp2\\htdocs\\jwt-app\\vendor\\illuminate\\database\\Connection.php(471): PDOStatement->execute()
#1 C:\\xampp2\\htdocs\\jwt-app\\vendor\\illuminate\\database\\Connection.php(671): Illuminate\\Database\\Connection->Illuminate\\Database\\{closure}('insert into `us...', Array)
#2 C:\\xampp2\\htdocs\\jwt-app\\vendor\\illuminate\\database\\Connection.php(638): Illuminate\\Database\\Connection->runQueryCallback('insert into `us...', Array, Object(Closure))
#3 C:\\xampp2\\htdocs\\jwt-app\\vendor\\illuminate\\database\\Connection.php(472): Illuminate\\Database\\Connection->run('insert into `us...', Array, Object(Closure))
#4 C:\\xampp2\\htdocs\\jwt-app\\vendor\\illuminate\\database\\Connection.php(424): Illuminate\\Database\\Connection->statement('insert into `us...', Array)
#5 C:\\xampp2\\htdocs\\jwt-app\\vendor\\illuminate\\database\\Query\\Processors\\Processor.php(32): Illuminate\\Database\\Connection->insert('insert into `us...', Array)
#6 C:\\xampp2\\htdocs\\jwt-app\\vendor\\illuminate\\database\\Query\\Builder.php(2872): Illuminate\\Database\\Query\\Processors\\Processor->processInsertGetId(Object(Illuminate\\Database\\Query\\Builder), 'insert into `us...', Array, 'id')
#7 C:\\xampp2\\htdocs\\jwt-app\\vendor\\illuminate\\database\\Eloquent\\Builder.php(1508): Illuminate\\Database\\Query\\Builder->insertGetId(Array, 'id')
#8 C:\\xampp2\\htdocs\\jwt-app\\vendor\\illuminate\\database\\Eloquent\\Model.php(1051): Illuminate\\Database\\Eloquent\\Builder->__call('insertGetId', Array)
#9 C:\\xampp2\\htdocs\\jwt-app\\vendor\\illuminate\\database\\Eloquent\\Model.php(1016): Illuminate\\Database\\Eloquent\\Model->insertAndSetId(Object(Illuminate\\Database\\Eloquent\\Builder), Array)
#10 C:\\xampp2\\htdocs\\jwt-app\\vendor\\illuminate\\database\\Eloquent\\Model.php(857): Illuminate\\Database\\Eloquent\\Model->performInsert(Object(Illuminate\\Database\\Eloquent\\Builder))
#11 C:\\xampp2\\htdocs\\jwt-app\\vendor\\illuminate\\database\\Eloquent\\Builder.php(777): Illuminate\\Database\\Eloquent\\Model->save()
#12 C:\\xampp2\\htdocs\\jwt-app\\vendor\\illuminate\\support\\helpers.php(263): Illuminate\\Database\\Eloquent\\Builder->Illuminate\\Database\\Eloquent\\{closure}(Object(App\\Models\\User))
#13 C:\\xampp2\\htdocs\\jwt-app\\vendor\\illuminate\\database\\Eloquent\\Builder.php(778): tap(Object(App\\Models\\User), Object(Closure))
#14 C:\\xampp2\\htdocs\\jwt-app\\vendor\\illuminate\\support\\Traits\\ForwardsCalls.php(23): Illuminate\\Database\\Eloquent\\Builder->create(Array)
#15 C:\\xampp2\\htdocs\\jwt-app\\vendor\\illuminate\\database\\Eloquent\\Model.php(1885): Illuminate\\Database\\Eloquent\\Model->forwardCallTo(Object(Illuminate\\Database\\Eloquent\\Builder), 'create', Array)
#16 C:\\xampp2\\htdocs\\jwt-app\\vendor\\illuminate\\database\\Eloquent\\Model.php(1897): Illuminate\\Database\\Eloquent\\Model->__call('create', Array)
#17 C:\\xampp2\\htdocs\\jwt-app\\app\\Http\\Controllers\\UserController.php(35): Illuminate\\Database\\Eloquent\\Model::__callStatic('create', Array)
#18 C:\\xampp2\\htdocs\\jwt-app\\vendor\\illuminate\\container\\BoundMethod.php(36): App\\Http\\Controllers\\UserController->register(Object(Laravel\\Lumen\\Http\\Request))
#19 C:\\xampp2\\htdocs\\jwt-app\\vendor\\illuminate\\container\\Util.php(40): Illuminate\\Container\\BoundMethod::Illuminate\\Container\\{closure}()
#20 C:\\xampp2\\htdocs\\jwt-app\\vendor\\illuminate\\container\\BoundMethod.php(93): Illuminate\\Container\\Util::unwrapIfClosure(Object(Closure))
#21 C:\\xampp2\\htdocs\\jwt-app\\vendor\\illuminate\\container\\BoundMethod.php(37): Illuminate\\Container\\BoundMethod::callBoundMethod(Object(Laravel\\Lumen\\Application), Array, Object(Closure))
#22 C:\\xampp2\\htdocs\\jwt-app\\vendor\\illuminate\\container\\Container.php(610): Illuminate\\Container\\BoundMethod::call(Object(Laravel\\Lumen\\Application), Array, Array, NULL)
#23 C:\\xampp2\\htdocs\\jwt-app\\vendor\\laravel\\lumen-framework\\src\\Concerns\\RoutesRequests.php(386): Illuminate\\Container\\Container->call(Array, Array)
#24 C:\\xampp2\\htdocs\\jwt-app\\vendor\\laravel\\lumen-framework\\src\\Concerns\\RoutesRequests.php(352): Laravel\\Lumen\\Application->callControllerCallable(Array, Array)
#25 C:\\xampp2\\htdocs\\jwt-app\\vendor\\laravel\\lumen-framework\\src\\Concerns\\RoutesRequests.php(326): Laravel\\Lumen\\Application->callLumenController(Object(App\\Http\\Controllers\\UserController), 'register', Array)
#26 C:\\xampp2\\htdocs\\jwt-app\\vendor\\laravel\\lumen-framework\\src\\Concerns\\RoutesRequests.php(279): Laravel\\Lumen\\Application->callControllerAction(Array)
#27 C:\\xampp2\\htdocs\\jwt-app\\vendor\\laravel\\lumen-framework\\src\\Concerns\\RoutesRequests.php(264): Laravel\\Lumen\\Application->callActionOnArrayBasedRoute(Array)
#28 C:\\xampp2\\htdocs\\jwt-app\\vendor\\laravel\\lumen-framework\\src\\Concerns\\RoutesRequests.php(166): Laravel\\Lumen\\Application->handleFoundRoute(Array)
#29 C:\\xampp2\\htdocs\\jwt-app\\vendor\\laravel\\lumen-framework\\src\\Concerns\\RoutesRequests.php(426): Laravel\\Lumen\\Application->Laravel\\Lumen\\Concerns\\{closure}(Object(Laravel\\Lumen\\Http\\Request))
#30 C:\\xampp2\\htdocs\\jwt-app\\vendor\\laravel\\lumen-framework\\src\\Concerns\\RoutesRequests.php(172): Laravel\\Lumen\\Application->sendThroughPipeline(Array, Object(Closure))
#31 C:\\xampp2\\htdocs\\jwt-app\\vendor\\laravel\\lumen-framework\\src\\Concerns\\RoutesRequests.php(109): Laravel\\Lumen\\Application->dispatch(NULL)
#32 C:\\xampp2\\htdocs\\jwt-app\\public\\index.php(28): Laravel\\Lumen\\Application->run()
#33 {main}
"} 
[2020-12-19 13:54:47] local.ERROR: SQLSTATE[HY000]: General error: 1364 Field 'username' doesn't have a default value (SQL: insert into `users` (`password`, `email`, `updated_at`, `created_at`) values ($2y$10$4QdgQbJ6TUEGoDg3ZM58d.vYojmjDEkWpP6IRD1FbtT/9722IjRwe, arka.inc876@gmail.com, 2020-12-19 13:54:46, 2020-12-19 13:54:46)) {"exception":"[object] (Illuminate\\Database\\QueryException(code: HY000): SQLSTATE[HY000]: General error: 1364 Field 'username' doesn't have a default value (SQL: insert into `users` (`password`, `email`, `updated_at`, `created_at`) values ($2y$10$4QdgQbJ6TUEGoDg3ZM58d.vYojmjDEkWpP6IRD1FbtT/9722IjRwe, arka.inc876@gmail.com, 2020-12-19 13:54:46, 2020-12-19 13:54:46)) at C:\\xampp2\\htdocs\\jwt-app\\vendor\\illuminate\\database\\Connection.php:678)
[stacktrace]
#0 C:\\xampp2\\htdocs\\jwt-app\\vendor\\illuminate\\database\\Connection.php(638): Illuminate\\Database\\Connection->runQueryCallback('insert into `us...', Array, Object(Closure))
#1 C:\\xampp2\\htdocs\\jwt-app\\vendor\\illuminate\\database\\Connection.php(472): Illuminate\\Database\\Connection->run('insert into `us...', Array, Object(Closure))
#2 C:\\xampp2\\htdocs\\jwt-app\\vendor\\illuminate\\database\\Connection.php(424): Illuminate\\Database\\Connection->statement('insert into `us...', Array)
#3 C:\\xampp2\\htdocs\\jwt-app\\vendor\\illuminate\\database\\Query\\Processors\\Processor.php(32): Illuminate\\Database\\Connection->insert('insert into `us...', Array)
#4 C:\\xampp2\\htdocs\\jwt-app\\vendor\\illuminate\\database\\Query\\Builder.php(2872): Illuminate\\Database\\Query\\Processors\\Processor->processInsertGetId(Object(Illuminate\\Database\\Query\\Builder), 'insert into `us...', Array, 'id')
#5 C:\\xampp2\\htdocs\\jwt-app\\vendor\\illuminate\\database\\Eloquent\\Builder.php(1508): Illuminate\\Database\\Query\\Builder->insertGetId(Array, 'id')
#6 C:\\xampp2\\htdocs\\jwt-app\\vendor\\illuminate\\database\\Eloquent\\Model.php(1051): Illuminate\\Database\\Eloquent\\Builder->__call('insertGetId', Array)
#7 C:\\xampp2\\htdocs\\jwt-app\\vendor\\illuminate\\database\\Eloquent\\Model.php(1016): Illuminate\\Database\\Eloquent\\Model->insertAndSetId(Object(Illuminate\\Database\\Eloquent\\Builder), Array)
#8 C:\\xampp2\\htdocs\\jwt-app\\vendor\\illuminate\\database\\Eloquent\\Model.php(857): Illuminate\\Database\\Eloquent\\Model->performInsert(Object(Illuminate\\Database\\Eloquent\\Builder))
#9 C:\\xampp2\\htdocs\\jwt-app\\vendor\\illuminate\\database\\Eloquent\\Builder.php(777): Illuminate\\Database\\Eloquent\\Model->save()
#10 C:\\xampp2\\htdocs\\jwt-app\\vendor\\illuminate\\support\\helpers.php(263): Illuminate\\Database\\Eloquent\\Builder->Illuminate\\Database\\Eloquent\\{closure}(Object(App\\Models\\User))
#11 C:\\xampp2\\htdocs\\jwt-app\\vendor\\illuminate\\database\\Eloquent\\Builder.php(778): tap(Object(App\\Models\\User), Object(Closure))
#12 C:\\xampp2\\htdocs\\jwt-app\\vendor\\illuminate\\support\\Traits\\ForwardsCalls.php(23): Illuminate\\Database\\Eloquent\\Builder->create(Array)
#13 C:\\xampp2\\htdocs\\jwt-app\\vendor\\illuminate\\database\\Eloquent\\Model.php(1885): Illuminate\\Database\\Eloquent\\Model->forwardCallTo(Object(Illuminate\\Database\\Eloquent\\Builder), 'create', Array)
#14 C:\\xampp2\\htdocs\\jwt-app\\vendor\\illuminate\\database\\Eloquent\\Model.php(1897): Illuminate\\Database\\Eloquent\\Model->__call('create', Array)
#15 C:\\xampp2\\htdocs\\jwt-app\\app\\Http\\Controllers\\UserController.php(35): Illuminate\\Database\\Eloquent\\Model::__callStatic('create', Array)
#16 C:\\xampp2\\htdocs\\jwt-app\\vendor\\illuminate\\container\\BoundMethod.php(36): App\\Http\\Controllers\\UserController->register(Object(Laravel\\Lumen\\Http\\Request))
#17 C:\\xampp2\\htdocs\\jwt-app\\vendor\\illuminate\\container\\Util.php(40): Illuminate\\Container\\BoundMethod::Illuminate\\Container\\{closure}()
#18 C:\\xampp2\\htdocs\\jwt-app\\vendor\\illuminate\\container\\BoundMethod.php(93): Illuminate\\Container\\Util::unwrapIfClosure(Object(Closure))
#19 C:\\xampp2\\htdocs\\jwt-app\\vendor\\illuminate\\container\\BoundMethod.php(37): Illuminate\\Container\\BoundMethod::callBoundMethod(Object(Laravel\\Lumen\\Application), Array, Object(Closure))
#20 C:\\xampp2\\htdocs\\jwt-app\\vendor\\illuminate\\container\\Container.php(610): Illuminate\\Container\\BoundMethod::call(Object(Laravel\\Lumen\\Application), Array, Array, NULL)
#21 C:\\xampp2\\htdocs\\jwt-app\\vendor\\laravel\\lumen-framework\\src\\Concerns\\RoutesRequests.php(386): Illuminate\\Container\\Container->call(Array, Array)
#22 C:\\xampp2\\htdocs\\jwt-app\\vendor\\laravel\\lumen-framework\\src\\Concerns\\RoutesRequests.php(352): Laravel\\Lumen\\Application->callControllerCallable(Array, Array)
#23 C:\\xampp2\\htdocs\\jwt-app\\vendor\\laravel\\lumen-framework\\src\\Concerns\\RoutesRequests.php(326): Laravel\\Lumen\\Application->callLumenController(Object(App\\Http\\Controllers\\UserController), 'register', Array)
#24 C:\\xampp2\\htdocs\\jwt-app\\vendor\\laravel\\lumen-framework\\src\\Concerns\\RoutesRequests.php(279): Laravel\\Lumen\\Application->callControllerAction(Array)
#25 C:\\xampp2\\htdocs\\jwt-app\\vendor\\laravel\\lumen-framework\\src\\Concerns\\RoutesRequests.php(264): Laravel\\Lumen\\Application->callActionOnArrayBasedRoute(Array)
#26 C:\\xampp2\\htdocs\\jwt-app\\vendor\\laravel\\lumen-framework\\src\\Concerns\\RoutesRequests.php(166): Laravel\\Lumen\\Application->handleFoundRoute(Array)
#27 C:\\xampp2\\htdocs\\jwt-app\\vendor\\laravel\\lumen-framework\\src\\Concerns\\RoutesRequests.php(426): Laravel\\Lumen\\Application->Laravel\\Lumen\\Concerns\\{closure}(Object(Laravel\\Lumen\\Http\\Request))
#28 C:\\xampp2\\htdocs\\jwt-app\\vendor\\laravel\\lumen-framework\\src\\Concerns\\RoutesRequests.php(172): Laravel\\Lumen\\Application->sendThroughPipeline(Array, Object(Closure))
#29 C:\\xampp2\\htdocs\\jwt-app\\vendor\\laravel\\lumen-framework\\src\\Concerns\\RoutesRequests.php(109): Laravel\\Lumen\\Application->dispatch(NULL)
#30 C:\\xampp2\\htdocs\\jwt-app\\public\\index.php(28): Laravel\\Lumen\\Application->run()
#31 {main}

[previous exception] [object] (PDOException(code: HY000): SQLSTATE[HY000]: General error: 1364 Field 'username' doesn't have a default value at C:\\xampp2\\htdocs\\jwt-app\\vendor\\illuminate\\database\\Connection.php:471)
[stacktrace]
#0 C:\\xampp2\\htdocs\\jwt-app\\vendor\\illuminate\\database\\Connection.php(471): PDOStatement->execute()
#1 C:\\xampp2\\htdocs\\jwt-app\\vendor\\illuminate\\database\\Connection.php(671): Illuminate\\Database\\Connection->Illuminate\\Database\\{closure}('insert into `us...', Array)
#2 C:\\xampp2\\htdocs\\jwt-app\\vendor\\illuminate\\database\\Connection.php(638): Illuminate\\Database\\Connection->runQueryCallback('insert into `us...', Array, Object(Closure))
#3 C:\\xampp2\\htdocs\\jwt-app\\vendor\\illuminate\\database\\Connection.php(472): Illuminate\\Database\\Connection->run('insert into `us...', Array, Object(Closure))
#4 C:\\xampp2\\htdocs\\jwt-app\\vendor\\illuminate\\database\\Connection.php(424): Illuminate\\Database\\Connection->statement('insert into `us...', Array)
#5 C:\\xampp2\\htdocs\\jwt-app\\vendor\\illuminate\\database\\Query\\Processors\\Processor.php(32): Illuminate\\Database\\Connection->insert('insert into `us...', Array)
#6 C:\\xampp2\\htdocs\\jwt-app\\vendor\\illuminate\\database\\Query\\Builder.php(2872): Illuminate\\Database\\Query\\Processors\\Processor->processInsertGetId(Object(Illuminate\\Database\\Query\\Builder), 'insert into `us...', Array, 'id')
#7 C:\\xampp2\\htdocs\\jwt-app\\vendor\\illuminate\\database\\Eloquent\\Builder.php(1508): Illuminate\\Database\\Query\\Builder->insertGetId(Array, 'id')
#8 C:\\xampp2\\htdocs\\jwt-app\\vendor\\illuminate\\database\\Eloquent\\Model.php(1051): Illuminate\\Database\\Eloquent\\Builder->__call('insertGetId', Array)
#9 C:\\xampp2\\htdocs\\jwt-app\\vendor\\illuminate\\database\\Eloquent\\Model.php(1016): Illuminate\\Database\\Eloquent\\Model->insertAndSetId(Object(Illuminate\\Database\\Eloquent\\Builder), Array)
#10 C:\\xampp2\\htdocs\\jwt-app\\vendor\\illuminate\\database\\Eloquent\\Model.php(857): Illuminate\\Database\\Eloquent\\Model->performInsert(Object(Illuminate\\Database\\Eloquent\\Builder))
#11 C:\\xampp2\\htdocs\\jwt-app\\vendor\\illuminate\\database\\Eloquent\\Builder.php(777): Illuminate\\Database\\Eloquent\\Model->save()
#12 C:\\xampp2\\htdocs\\jwt-app\\vendor\\illuminate\\support\\helpers.php(263): Illuminate\\Database\\Eloquent\\Builder->Illuminate\\Database\\Eloquent\\{closure}(Object(App\\Models\\User))
#13 C:\\xampp2\\htdocs\\jwt-app\\vendor\\illuminate\\database\\Eloquent\\Builder.php(778): tap(Object(App\\Models\\User), Object(Closure))
#14 C:\\xampp2\\htdocs\\jwt-app\\vendor\\illuminate\\support\\Traits\\ForwardsCalls.php(23): Illuminate\\Database\\Eloquent\\Builder->create(Array)
#15 C:\\xampp2\\htdocs\\jwt-app\\vendor\\illuminate\\database\\Eloquent\\Model.php(1885): Illuminate\\Database\\Eloquent\\Model->forwardCallTo(Object(Illuminate\\Database\\Eloquent\\Builder), 'create', Array)
#16 C:\\xampp2\\htdocs\\jwt-app\\vendor\\illuminate\\database\\Eloquent\\Model.php(1897): Illuminate\\Database\\Eloquent\\Model->__call('create', Array)
#17 C:\\xampp2\\htdocs\\jwt-app\\app\\Http\\Controllers\\UserController.php(35): Illuminate\\Database\\Eloquent\\Model::__callStatic('create', Array)
#18 C:\\xampp2\\htdocs\\jwt-app\\vendor\\illuminate\\container\\BoundMethod.php(36): App\\Http\\Controllers\\UserController->register(Object(Laravel\\Lumen\\Http\\Request))
#19 C:\\xampp2\\htdocs\\jwt-app\\vendor\\illuminate\\container\\Util.php(40): Illuminate\\Container\\BoundMethod::Illuminate\\Container\\{closure}()
#20 C:\\xampp2\\htdocs\\jwt-app\\vendor\\illuminate\\container\\BoundMethod.php(93): Illuminate\\Container\\Util::unwrapIfClosure(Object(Closure))
#21 C:\\xampp2\\htdocs\\jwt-app\\vendor\\illuminate\\container\\BoundMethod.php(37): Illuminate\\Container\\BoundMethod::callBoundMethod(Object(Laravel\\Lumen\\Application), Array, Object(Closure))
#22 C:\\xampp2\\htdocs\\jwt-app\\vendor\\illuminate\\container\\Container.php(610): Illuminate\\Container\\BoundMethod::call(Object(Laravel\\Lumen\\Application), Array, Array, NULL)
#23 C:\\xampp2\\htdocs\\jwt-app\\vendor\\laravel\\lumen-framework\\src\\Concerns\\RoutesRequests.php(386): Illuminate\\Container\\Container->call(Array, Array)
#24 C:\\xampp2\\htdocs\\jwt-app\\vendor\\laravel\\lumen-framework\\src\\Concerns\\RoutesRequests.php(352): Laravel\\Lumen\\Application->callControllerCallable(Array, Array)
#25 C:\\xampp2\\htdocs\\jwt-app\\vendor\\laravel\\lumen-framework\\src\\Concerns\\RoutesRequests.php(326): Laravel\\Lumen\\Application->callLumenController(Object(App\\Http\\Controllers\\UserController), 'register', Array)
#26 C:\\xampp2\\htdocs\\jwt-app\\vendor\\laravel\\lumen-framework\\src\\Concerns\\RoutesRequests.php(279): Laravel\\Lumen\\Application->callControllerAction(Array)
#27 C:\\xampp2\\htdocs\\jwt-app\\vendor\\laravel\\lumen-framework\\src\\Concerns\\RoutesRequests.php(264): Laravel\\Lumen\\Application->callActionOnArrayBasedRoute(Array)
#28 C:\\xampp2\\htdocs\\jwt-app\\vendor\\laravel\\lumen-framework\\src\\Concerns\\RoutesRequests.php(166): Laravel\\Lumen\\Application->handleFoundRoute(Array)
#29 C:\\xampp2\\htdocs\\jwt-app\\vendor\\laravel\\lumen-framework\\src\\Concerns\\RoutesRequests.php(426): Laravel\\Lumen\\Application->Laravel\\Lumen\\Concerns\\{closure}(Object(Laravel\\Lumen\\Http\\Request))
#30 C:\\xampp2\\htdocs\\jwt-app\\vendor\\laravel\\lumen-framework\\src\\Concerns\\RoutesRequests.php(172): Laravel\\Lumen\\Application->sendThroughPipeline(Array, Object(Closure))
#31 C:\\xampp2\\htdocs\\jwt-app\\vendor\\laravel\\lumen-framework\\src\\Concerns\\RoutesRequests.php(109): Laravel\\Lumen\\Application->dispatch(NULL)
#32 C:\\xampp2\\htdocs\\jwt-app\\public\\index.php(28): Laravel\\Lumen\\Application->run()
#33 {main}
"} 
