[2020-12-18 20:26:13] local.ERROR: Class 'Tymon\JWTAuth\Providers\LumenServiceProvider' not found {"exception":"[object] (Error(code: 0): Class 'Tymon\\JWTAuth\\Providers\\LumenServiceProvider' not found at C:\\xampp2\\htdocs\\jwt-app\\vendor\\laravel\\lumen-framework\\src\\Application.php:223)
[stacktrace]
#0 C:\\xampp2\\htdocs\\jwt-app\\bootstrap\\app.php(97): Laravel\\Lumen\\Application->register('Tymon\\\\JWTAuth\\\\P...')
#1 C:\\xampp2\\htdocs\\jwt-app\\artisan(18): require('C:\\\\xampp2\\\\htdoc...')
#2 {main}
"} 
[2020-12-18 20:31:45] local.ERROR: Class 'Tymon\JWTAuth\Providers\LumenServiceProvider' not found {"exception":"[object] (Error(code: 0): Class 'Tymon\\JWTAuth\\Providers\\LumenServiceProvider' not found at C:\\xampp2\\htdocs\\jwt-app\\vendor\\laravel\\lumen-framework\\src\\Application.php:223)
[stacktrace]
#0 C:\\xampp2\\htdocs\\jwt-app\\bootstrap\\app.php(97): Laravel\\Lumen\\Application->register('Tymon\\\\JWTAuth\\\\P...')
#1 C:\\xampp2\\htdocs\\jwt-app\\artisan(18): require('C:\\\\xampp2\\\\htdoc...')
#2 {main}
"} 
[2020-12-18 20:37:25] local.ERROR: Class 'Tymon\JWTAuth\Providers\LumenServiceProvider' not found {"exception":"[object] (Error(code: 0): Class 'Tymon\\JWTAuth\\Providers\\LumenServiceProvider' not found at C:\\xampp2\\htdocs\\jwt-app\\vendor\\laravel\\lumen-framework\\src\\Application.php:223)
[stacktrace]
#0 C:\\xampp2\\htdocs\\jwt-app\\bootstrap\\app.php(97): Laravel\\Lumen\\Application->register('Tymon\\\\JWTAuth\\\\P...')
#1 C:\\xampp2\\htdocs\\jwt-app\\artisan(18): require('C:\\\\xampp2\\\\htdoc...')
#2 {main}
"} 
[2020-12-18 20:38:14] local.ERROR: Class 'Tymon\JWTAuth\Providers\LumenServiceProvider' not found {"exception":"[object] (Error(code: 0): Class 'Tymon\\JWTAuth\\Providers\\LumenServiceProvider' not found at C:\\xampp2\\htdocs\\jwt-app\\vendor\\laravel\\lumen-framework\\src\\Application.php:223)
[stacktrace]
#0 C:\\xampp2\\htdocs\\jwt-app\\bootstrap\\app.php(97): Laravel\\Lumen\\Application->register('Tymon\\\\JWTAuth\\\\P...')
#1 C:\\xampp2\\htdocs\\jwt-app\\artisan(18): require('C:\\\\xampp2\\\\htdoc...')
#2 {main}
"} 
[2020-12-18 20:38:24] local.ERROR: Class 'Tymon\JWTAuth\Providers\LumenServiceProvider' not found {"exception":"[object] (Error(code: 0): Class 'Tymon\\JWTAuth\\Providers\\LumenServiceProvider' not found at C:\\xampp2\\htdocs\\jwt-app\\vendor\\laravel\\lumen-framework\\src\\Application.php:223)
[stacktrace]
#0 C:\\xampp2\\htdocs\\jwt-app\\bootstrap\\app.php(97): Laravel\\Lumen\\Application->register('Tymon\\\\JWTAuth\\\\P...')
#1 C:\\xampp2\\htdocs\\jwt-app\\artisan(18): require('C:\\\\xampp2\\\\htdoc...')
#2 {main}
"} 
